Loaded module: gcc/10.3.0-binutils-2.36.1
Loaded module: gprofng/2.41.50
     2.344    661.103 0 # matmult_nmk
    21.094    686.073 0 # matmult_nmk
    30.375    686.482 0 # matmult_nmk
    58.594    621.499 0 # matmult_nmk
   131.836    592.980 0 # matmult_nmk
   234.375    579.250 0 # matmult_nmk
   527.344    557.218 0 # matmult_nmk
   937.500    547.413 0 # matmult_nmk
  1464.844    544.758 0 # matmult_nmk
  1837.500    544.555 0 # matmult_nmk
  3750.000    537.335 0 # matmult_nmk
  8437.500    513.099 0 # matmult_nmk
 23437.500    523.602 0 # matmult_nmk
 52734.375    527.651 0 # matmult_nmk
 93750.000    366.235 248 # matmult_nmk
146484.375    480.292 968 # matmult_nmk
170859.375    471.289 1560 # matmult_nmk
210937.500    440.887 2752 # matmult_nmk
287109.375    326.062 8384 # matmult_nmk
375000.000    308.272 16000 # matmult_nmk

------------------------------------------------------------
Sender: LSF System <lsfadmin@hpc.dtu.dk>
Subject: Job 19865340: <NONAME> in cluster <dcc> Done

Job <NONAME> was submitted from host <n-62-30-1> by user <s233091> in cluster <dcc> at Fri Jan  5 19:30:05 2024
Job was executed on host(s) <n-62-21-98>, in queue <hpc>, as user <s233091> in cluster <dcc> at Fri Jan  5 19:30:07 2024
</zhome/c7/f/203083> was used as the home directory.
</zhome/c7/f/203083/02614/HPC_assignment_1/src> was used as the working directory.
Started at Fri Jan  5 19:30:07 2024
Terminated at Fri Jan  5 19:48:16 2024
Results reported at Fri Jan  5 19:48:16 2024

Your job looked like:

------------------------------------------------------------
# LSBATCH: User input
./mm_batch_nmk.sub
------------------------------------------------------------

Successfully completed.

Resource usage summary:

    CPU time :                                   1086.65 sec.
    Max Memory :                                 506 MB
    Average Memory :                             380.70 MB
    Total Requested Memory :                     1024.00 MB
    Delta Memory :                               518.00 MB
    Max Swap :                                   -
    Max Processes :                              4
    Max Threads :                                5
    Run time :                                   1164 sec.
    Turnaround time :                            1091 sec.

The output (if any) is above this job summary.

