Loaded module: gcc/10.3.0-binutils-2.36.1
Loaded module: gprofng/2.41.50
     2.344    866.799 0 # matmult_mkn
    21.094   1404.891 0 # matmult_mkn
    30.375   1441.269 0 # matmult_mkn
    58.594   1327.518 0 # matmult_mkn
   131.836   1369.306 0 # matmult_mkn
   234.375   1401.376 0 # matmult_mkn
   527.344   1428.236 0 # matmult_mkn
   937.500   1436.881 0 # matmult_mkn
  1464.844   1441.866 0 # matmult_mkn
  1837.500   1448.590 0 # matmult_mkn
  3750.000   1456.043 0 # matmult_mkn
  8437.500   1396.695 0 # matmult_mkn
 23437.500   1283.595 0 # matmult_mkn
 52734.375   1291.176 0 # matmult_mkn
 93750.000   1296.142 248 # matmult_mkn
146484.375   1278.373 968 # matmult_mkn
170859.375   1278.682 1560 # matmult_mkn
210937.500   1281.756 2752 # matmult_mkn
287109.375   1281.903 8384 # matmult_mkn
375000.000   1285.102 16000 # matmult_mkn

------------------------------------------------------------
Sender: LSF System <lsfadmin@hpc.dtu.dk>
Subject: Job 19865338: <NONAME> in cluster <dcc> Done

Job <NONAME> was submitted from host <n-62-30-1> by user <s233091> in cluster <dcc> at Fri Jan  5 19:30:05 2024
Job was executed on host(s) <n-62-21-98>, in queue <hpc>, as user <s233091> in cluster <dcc> at Fri Jan  5 19:30:05 2024
</zhome/c7/f/203083> was used as the home directory.
</zhome/c7/f/203083/02614/HPC_assignment_1/src> was used as the working directory.
Started at Fri Jan  5 19:30:05 2024
Terminated at Fri Jan  5 19:36:07 2024
Results reported at Fri Jan  5 19:36:07 2024

Your job looked like:

------------------------------------------------------------
# LSBATCH: User input
./mm_batch_mkn.sub
------------------------------------------------------------

Successfully completed.

Resource usage summary:

    CPU time :                                   360.47 sec.
    Max Memory :                                 506 MB
    Average Memory :                             362.20 MB
    Total Requested Memory :                     1024.00 MB
    Delta Memory :                               518.00 MB
    Max Swap :                                   -
    Max Processes :                              4
    Max Threads :                                5
    Run time :                                   435 sec.
    Turnaround time :                            362 sec.

The output (if any) is above this job summary.

