Loaded module: gcc/10.3.0-binutils-2.36.1
Loaded module: gprofng/2.41.50
     2.344   1181.999 0 # matmult_mnk
    21.094   1565.701 0 # matmult_mnk
    30.375   1782.007 0 # matmult_mnk
    58.594   1557.586 0 # matmult_mnk
   131.836   1505.277 0 # matmult_mnk
   234.375   1437.486 0 # matmult_mnk
   527.344   1366.003 0 # matmult_mnk
   937.500   1331.798 0 # matmult_mnk
  1464.844   1328.325 0 # matmult_mnk
  1837.500   1315.756 0 # matmult_mnk
  3750.000   1179.682 0 # matmult_mnk
  8437.500    897.475 0 # matmult_mnk
 23437.500    696.740 0 # matmult_mnk
 52734.375    700.944 0 # matmult_mnk
 93750.000    698.726 248 # matmult_mnk
146484.375    669.152 968 # matmult_mnk
170859.375    678.295 1560 # matmult_mnk
210937.500    711.394 2752 # matmult_mnk
287109.375    688.070 8384 # matmult_mnk
375000.000    550.472 16000 # matmult_mnk

------------------------------------------------------------
Sender: LSF System <lsfadmin@hpc.dtu.dk>
Subject: Job 19865642: <NONAME> in cluster <dcc> Done

Job <NONAME> was submitted from host <hpclogin1> by user <s233091> in cluster <dcc> at Sat Jan  6 10:08:12 2024
Job was executed on host(s) <n-62-31-5>, in queue <hpc>, as user <s233091> in cluster <dcc> at Sat Jan  6 10:08:13 2024
</zhome/c7/f/203083> was used as the home directory.
</zhome/c7/f/203083/02614/HPC_assignment_1/src> was used as the working directory.
Started at Sat Jan  6 10:08:13 2024
Terminated at Sat Jan  6 10:19:06 2024
Results reported at Sat Jan  6 10:19:06 2024

Your job looked like:

------------------------------------------------------------
# LSBATCH: User input
./mm_batch_mnk.sub
------------------------------------------------------------

Successfully completed.

Resource usage summary:

    CPU time :                                   651.24 sec.
    Max Memory :                                 506 MB
    Average Memory :                             379.14 MB
    Total Requested Memory :                     1024.00 MB
    Delta Memory :                               518.00 MB
    Max Swap :                                   -
    Max Processes :                              4
    Max Threads :                                5
    Run time :                                   684 sec.
    Turnaround time :                            654 sec.

The output (if any) is above this job summary.

