Loaded module: gcc/10.3.0-binutils-2.36.1
Loaded module: gprofng/2.41.50
     2.344    830.588 0 # matmult_kmn
    21.094   1334.503 0 # matmult_kmn
    30.375   1244.645 0 # matmult_kmn
    58.594   1251.817 0 # matmult_kmn
   131.836   1320.206 0 # matmult_kmn
   234.375   1369.863 0 # matmult_kmn
   527.344   1366.628 0 # matmult_kmn
   937.500   1362.451 0 # matmult_kmn
  1464.844   1362.081 0 # matmult_kmn
  1837.500   1376.163 0 # matmult_kmn
  3750.000   1391.993 0 # matmult_kmn
  8437.500   1112.330 0 # matmult_kmn
 23437.500   1016.664 0 # matmult_kmn
 52734.375   1044.171 0 # matmult_kmn
 93750.000   1056.134 248 # matmult_kmn
146484.375   1045.390 968 # matmult_kmn
170859.375   1052.067 1560 # matmult_kmn
210937.500   1058.404 2752 # matmult_kmn
287109.375   1059.093 8384 # matmult_kmn
375000.000   1059.443 16000 # matmult_kmn

------------------------------------------------------------
Sender: LSF System <lsfadmin@hpc.dtu.dk>
Subject: Job 19865336: <NONAME> in cluster <dcc> Done

Job <NONAME> was submitted from host <n-62-30-1> by user <s233091> in cluster <dcc> at Fri Jan  5 19:30:04 2024
Job was executed on host(s) <n-62-21-99>, in queue <hpc>, as user <s233091> in cluster <dcc> at Fri Jan  5 19:30:05 2024
</zhome/c7/f/203083> was used as the home directory.
</zhome/c7/f/203083/02614/HPC_assignment_1/src> was used as the working directory.
Started at Fri Jan  5 19:30:05 2024
Terminated at Fri Jan  5 19:37:09 2024
Results reported at Fri Jan  5 19:37:09 2024

Your job looked like:

------------------------------------------------------------
# LSBATCH: User input
./mm_batch_kmn.sub
------------------------------------------------------------

Successfully completed.

Resource usage summary:

    CPU time :                                   422.57 sec.
    Max Memory :                                 506 MB
    Average Memory :                             357.00 MB
    Total Requested Memory :                     1024.00 MB
    Delta Memory :                               518.00 MB
    Max Swap :                                   -
    Max Processes :                              4
    Max Threads :                                5
    Run time :                                   482 sec.
    Turnaround time :                            425 sec.

The output (if any) is above this job summary.

