Loaded module: gcc/10.3.0-binutils-2.36.1
Loaded module: gprofng/2.41.50
     2.344    856.990 0 # matmult_knm
    21.094   1344.527 0 # matmult_knm
    30.375   1341.803 0 # matmult_knm
    58.594   1276.402 0 # matmult_knm
   131.836   1306.357 0 # matmult_knm
   234.375   1314.312 0 # matmult_knm
   527.344   1110.597 0 # matmult_knm
   937.500    954.130 0 # matmult_knm
  1464.844    768.384 0 # matmult_knm
  1837.500    619.838 0 # matmult_knm
  3750.000    525.806 0 # matmult_knm
  8437.500    431.598 0 # matmult_knm
 23437.500    413.697 0 # matmult_knm
 52734.375    359.647 0 # matmult_knm
 93750.000    302.714 248 # matmult_knm
146484.375    271.652 968 # matmult_knm
170859.375    265.055 1560 # matmult_knm
210937.500    274.541 2752 # matmult_knm
287109.375    260.597 8384 # matmult_knm
375000.000    278.265 16000 # matmult_knm

------------------------------------------------------------
Sender: LSF System <lsfadmin@hpc.dtu.dk>
Subject: Job 19865337: <NONAME> in cluster <dcc> Done

Job <NONAME> was submitted from host <n-62-30-1> by user <s233091> in cluster <dcc> at Fri Jan  5 19:30:04 2024
Job was executed on host(s) <n-62-21-98>, in queue <hpc>, as user <s233091> in cluster <dcc> at Fri Jan  5 19:30:05 2024
</zhome/c7/f/203083> was used as the home directory.
</zhome/c7/f/203083/02614/HPC_assignment_1/src> was used as the working directory.
Started at Fri Jan  5 19:30:05 2024
Terminated at Fri Jan  5 19:53:30 2024
Results reported at Fri Jan  5 19:53:30 2024

Your job looked like:

------------------------------------------------------------
# LSBATCH: User input
./mm_batch_knm.sub
------------------------------------------------------------

Successfully completed.

Resource usage summary:

    CPU time :                                   1403.46 sec.
    Max Memory :                                 506 MB
    Average Memory :                             369.42 MB
    Total Requested Memory :                     1024.00 MB
    Delta Memory :                               518.00 MB
    Max Swap :                                   -
    Max Processes :                              4
    Max Threads :                                5
    Run time :                                   1478 sec.
    Turnaround time :                            1406 sec.

The output (if any) is above this job summary.

