Loaded module: gcc/10.3.0-binutils-2.36.1
Loaded module: gprofng/2.41.50
     2.344   1156.291 0 # matmult_nmk
    21.094   1497.833 0 # matmult_nmk
    30.375   1634.373 0 # matmult_nmk
    58.594   1577.951 0 # matmult_nmk
   131.836   1517.403 0 # matmult_nmk
   234.375   1437.607 0 # matmult_nmk
   527.344   1363.017 0 # matmult_nmk
   937.500   1323.914 0 # matmult_nmk
  1464.844   1324.303 0 # matmult_nmk
  1837.500   1308.280 0 # matmult_nmk
  3750.000   1249.621 0 # matmult_nmk
  8437.500   1154.913 0 # matmult_nmk
 23437.500   1126.661 0 # matmult_nmk
 52734.375   1146.904 0 # matmult_nmk
 93750.000   1159.279 248 # matmult_nmk
146484.375   1164.501 968 # matmult_nmk
170859.375   1171.840 1560 # matmult_nmk
210937.500   1175.828 2752 # matmult_nmk
287109.375   1178.507 8384 # matmult_nmk
375000.000    533.010 16000 # matmult_nmk

------------------------------------------------------------
Sender: LSF System <lsfadmin@hpc.dtu.dk>
Subject: Job 19865643: <NONAME> in cluster <dcc> Done

Job <NONAME> was submitted from host <hpclogin1> by user <s233091> in cluster <dcc> at Sat Jan  6 10:08:12 2024
Job was executed on host(s) <n-62-31-5>, in queue <hpc>, as user <s233091> in cluster <dcc> at Sat Jan  6 10:08:13 2024
</zhome/c7/f/203083> was used as the home directory.
</zhome/c7/f/203083/02614/HPC_assignment_1/src> was used as the working directory.
Started at Sat Jan  6 10:08:13 2024
Terminated at Sat Jan  6 10:16:53 2024
Results reported at Sat Jan  6 10:16:53 2024

Your job looked like:

------------------------------------------------------------
# LSBATCH: User input
./mm_batch_nmk.sub
------------------------------------------------------------

Successfully completed.

Resource usage summary:

    CPU time :                                   517.58 sec.
    Max Memory :                                 506 MB
    Average Memory :                             374.67 MB
    Total Requested Memory :                     1024.00 MB
    Delta Memory :                               518.00 MB
    Max Swap :                                   -
    Max Processes :                              4
    Max Threads :                                5
    Run time :                                   550 sec.
    Turnaround time :                            521 sec.

The output (if any) is above this job summary.

