Loaded module: gcc/10.3.0-binutils-2.36.1
Loaded module: gprofng/2.41.50
     2.344   1055.792 0 # matmult_nkm
    21.094   1708.237 0 # matmult_nkm
    30.375   1660.516 0 # matmult_nkm
    58.594   1928.493 0 # matmult_nkm
   131.836   1695.379 0 # matmult_nkm
   234.375   1705.472 0 # matmult_nkm
   527.344   1379.994 0 # matmult_nkm
   937.500   1256.926 0 # matmult_nkm
  1464.844   1049.455 0 # matmult_nkm
  1837.500    974.656 0 # matmult_nkm
  3750.000    823.827 0 # matmult_nkm
  8437.500    612.635 0 # matmult_nkm
 23437.500    567.590 0 # matmult_nkm
 52734.375    507.897 0 # matmult_nkm
 93750.000    543.181 248 # matmult_nkm
146484.375    507.453 968 # matmult_nkm
170859.375    503.761 1560 # matmult_nkm
210937.500    611.687 2752 # matmult_nkm
287109.375    510.207 8384 # matmult_nkm
375000.000    313.697 16000 # matmult_nkm

------------------------------------------------------------
Sender: LSF System <lsfadmin@hpc.dtu.dk>
Subject: Job 19865644: <NONAME> in cluster <dcc> Done

Job <NONAME> was submitted from host <hpclogin1> by user <s233091> in cluster <dcc> at Sat Jan  6 10:08:12 2024
Job was executed on host(s) <n-62-31-5>, in queue <hpc>, as user <s233091> in cluster <dcc> at Sat Jan  6 10:08:13 2024
</zhome/c7/f/203083> was used as the home directory.
</zhome/c7/f/203083/02614/HPC_assignment_1/src> was used as the working directory.
Started at Sat Jan  6 10:08:13 2024
Terminated at Sat Jan  6 10:23:41 2024
Results reported at Sat Jan  6 10:23:41 2024

Your job looked like:

------------------------------------------------------------
# LSBATCH: User input
./mm_batch_nkm.sub
------------------------------------------------------------

Successfully completed.

Resource usage summary:

    CPU time :                                   926.09 sec.
    Max Memory :                                 506 MB
    Average Memory :                             390.11 MB
    Total Requested Memory :                     1024.00 MB
    Delta Memory :                               518.00 MB
    Max Swap :                                   -
    Max Processes :                              4
    Max Threads :                                5
    Run time :                                   959 sec.
    Turnaround time :                            929 sec.

The output (if any) is above this job summary.

