Loaded module: gcc/10.3.0-binutils-2.36.1
Loaded module: gprofng/2.41.50
     2.344   1348.407 0 # matmult_kmn
    21.094   4092.137 0 # matmult_kmn
    30.375   4453.611 0 # matmult_kmn
    58.594   4866.762 0 # matmult_kmn
   131.836   4475.171 0 # matmult_kmn
   234.375   5015.186 0 # matmult_kmn
   527.344   4717.470 0 # matmult_kmn
   937.500   4874.438 0 # matmult_kmn
  1464.844   4756.835 0 # matmult_kmn
  1837.500   4736.510 0 # matmult_kmn
  3750.000   3932.125 0 # matmult_kmn
  8437.500   3692.372 0 # matmult_kmn
 23437.500   3442.313 0 # matmult_kmn
 52734.375   2244.271 0 # matmult_kmn
 93750.000   2041.676 248 # matmult_kmn
146484.375   2032.486 968 # matmult_kmn
170859.375   2032.645 1560 # matmult_kmn
210937.500   2102.793 2752 # matmult_kmn
287109.375   2179.336 8384 # matmult_kmn
375000.000   2178.663 16000 # matmult_kmn

------------------------------------------------------------
Sender: LSF System <lsfadmin@hpc.dtu.dk>
Subject: Job 19865639: <NONAME> in cluster <dcc> Done

Job <NONAME> was submitted from host <hpclogin1> by user <s233091> in cluster <dcc> at Sat Jan  6 10:08:11 2024
Job was executed on host(s) <n-62-31-5>, in queue <hpc>, as user <s233091> in cluster <dcc> at Sat Jan  6 10:08:13 2024
</zhome/c7/f/203083> was used as the home directory.
</zhome/c7/f/203083/02614/HPC_assignment_1/src> was used as the working directory.
Started at Sat Jan  6 10:08:13 2024
Terminated at Sat Jan  6 10:12:23 2024
Results reported at Sat Jan  6 10:12:23 2024

Your job looked like:

------------------------------------------------------------
# LSBATCH: User input
./mm_batch_kmn.sub
------------------------------------------------------------

Successfully completed.

Resource usage summary:

    CPU time :                                   247.56 sec.
    Max Memory :                                 506 MB
    Average Memory :                             328.25 MB
    Total Requested Memory :                     1024.00 MB
    Delta Memory :                               518.00 MB
    Max Swap :                                   -
    Max Processes :                              4
    Max Threads :                                5
    Run time :                                   280 sec.
    Turnaround time :                            252 sec.

The output (if any) is above this job summary.

