Loaded module: gcc/10.3.0-binutils-2.36.1
Loaded module: gprofng/2.41.50
     2.344   1293.169 0 # matmult_mkn
    21.094   3772.460 0 # matmult_mkn
    30.375   4012.015 0 # matmult_mkn
    58.594   4349.112 0 # matmult_mkn
   131.836   4603.957 0 # matmult_mkn
   234.375   4758.610 0 # matmult_mkn
   527.344   4359.372 0 # matmult_mkn
   937.500   4559.960 0 # matmult_mkn
  1464.844   4647.196 0 # matmult_mkn
  1837.500   4692.510 0 # matmult_mkn
  3750.000   4219.196 0 # matmult_mkn
  8437.500   3833.101 0 # matmult_mkn
 23437.500   2962.083 0 # matmult_mkn
 52734.375   2461.888 0 # matmult_mkn
 93750.000   2397.557 248 # matmult_mkn
146484.375   2313.402 968 # matmult_mkn
170859.375   2334.464 1560 # matmult_mkn
210937.500   2346.711 2752 # matmult_mkn
287109.375   2343.975 8384 # matmult_mkn
375000.000   2334.739 16000 # matmult_mkn

------------------------------------------------------------
Sender: LSF System <lsfadmin@hpc.dtu.dk>
Subject: Job 19865641: <NONAME> in cluster <dcc> Done

Job <NONAME> was submitted from host <hpclogin1> by user <s233091> in cluster <dcc> at Sat Jan  6 10:08:12 2024
Job was executed on host(s) <n-62-31-5>, in queue <hpc>, as user <s233091> in cluster <dcc> at Sat Jan  6 10:08:13 2024
</zhome/c7/f/203083> was used as the home directory.
</zhome/c7/f/203083/02614/HPC_assignment_1/src> was used as the working directory.
Started at Sat Jan  6 10:08:13 2024
Terminated at Sat Jan  6 10:12:15 2024
Results reported at Sat Jan  6 10:12:15 2024

Your job looked like:

------------------------------------------------------------
# LSBATCH: User input
./mm_batch_mkn.sub
------------------------------------------------------------

Successfully completed.

Resource usage summary:

    CPU time :                                   234.73 sec.
    Max Memory :                                 506 MB
    Average Memory :                             351.50 MB
    Total Requested Memory :                     1024.00 MB
    Delta Memory :                               518.00 MB
    Max Swap :                                   -
    Max Processes :                              4
    Max Threads :                                5
    Run time :                                   267 sec.
    Turnaround time :                            243 sec.

The output (if any) is above this job summary.

