Loaded module: gcc/10.3.0-binutils-2.36.1
Loaded module: gprofng/2.41.50
     2.344    806.051 0 # matmult_knm
    21.094   1253.679 0 # matmult_knm
    30.375   1259.064 0 # matmult_knm
    58.594   1174.020 0 # matmult_knm
   131.836   1237.574 0 # matmult_knm
   234.375   1262.741 0 # matmult_knm
   527.344   1055.061 0 # matmult_knm
   937.500    926.466 0 # matmult_knm
  1464.844    739.228 0 # matmult_knm
  1837.500    606.664 0 # matmult_knm
  3750.000    444.504 0 # matmult_knm
  8437.500    382.572 0 # matmult_knm
 23437.500    377.618 0 # matmult_knm
 52734.375    318.429 0 # matmult_knm
 93750.000    278.337 248 # matmult_knm
146484.375    240.963 968 # matmult_knm
170859.375    237.541 1560 # matmult_knm
210937.500    249.704 2752 # matmult_knm
287109.375    225.069 8384 # matmult_knm
375000.000    238.078 16000 # matmult_knm

------------------------------------------------------------
Sender: LSF System <lsfadmin@hpc.dtu.dk>
Subject: Job 19865316: <NONAME> in cluster <dcc> Done

Job <NONAME> was submitted from host <n-62-30-1> by user <s233091> in cluster <dcc> at Fri Jan  5 19:22:28 2024
Job was executed on host(s) <n-62-21-103>, in queue <hpc>, as user <s233091> in cluster <dcc> at Fri Jan  5 19:22:29 2024
</zhome/c7/f/203083> was used as the home directory.
</zhome/c7/f/203083/02614/HPC_assignment_1/src> was used as the working directory.
Started at Fri Jan  5 19:22:29 2024
Terminated at Fri Jan  5 19:49:08 2024
Results reported at Fri Jan  5 19:49:08 2024

Your job looked like:

------------------------------------------------------------
# LSBATCH: User input
./mm_batch_knm.sub
------------------------------------------------------------

Successfully completed.

Resource usage summary:

    CPU time :                                   1593.18 sec.
    Max Memory :                                 506 MB
    Average Memory :                             371.00 MB
    Total Requested Memory :                     1024.00 MB
    Delta Memory :                               518.00 MB
    Max Swap :                                   -
    Max Processes :                              4
    Max Threads :                                5
    Run time :                                   1613 sec.
    Turnaround time :                            1600 sec.

The output (if any) is above this job summary.

