Loaded module: gcc/10.3.0-binutils-2.36.1
Loaded module: gprofng/2.41.50
     2.344    307.630 0 # matmult_knm
    21.094   1801.198 0 # matmult_knm
    30.375   1664.136 0 # matmult_knm
    58.594   1918.634 0 # matmult_knm
   131.836   1761.965 0 # matmult_knm
   234.375   1734.892 0 # matmult_knm
   527.344   1353.170 0 # matmult_knm
   937.500   1262.393 0 # matmult_knm
  1464.844   1074.844 0 # matmult_knm
  1837.500    988.841 0 # matmult_knm
  3750.000    833.277 0 # matmult_knm
  8437.500    804.023 0 # matmult_knm
 23437.500    578.815 0 # matmult_knm
 52734.375    534.103 0 # matmult_knm
 93750.000    570.917 248 # matmult_knm
146484.375    522.800 968 # matmult_knm
170859.375    518.819 1560 # matmult_knm
210937.500    612.582 2752 # matmult_knm
287109.375    515.507 8384 # matmult_knm
375000.000    319.406 16000 # matmult_knm

------------------------------------------------------------
Sender: LSF System <lsfadmin@hpc.dtu.dk>
Subject: Job 19865634: <NONAME> in cluster <dcc> Done

Job <NONAME> was submitted from host <hpclogin1> by user <s233091> in cluster <dcc> at Sat Jan  6 10:08:10 2024
Job was executed on host(s) <n-62-31-4>, in queue <hpc>, as user <s233091> in cluster <dcc> at Sat Jan  6 10:08:11 2024
</zhome/c7/f/203083> was used as the home directory.
</zhome/c7/f/203083/02614/HPC_assignment_1/src> was used as the working directory.
Started at Sat Jan  6 10:08:11 2024
Terminated at Sat Jan  6 10:23:22 2024
Results reported at Sat Jan  6 10:23:22 2024

Your job looked like:

------------------------------------------------------------
# LSBATCH: User input
./mm_batch_knm.sub
------------------------------------------------------------

Successfully completed.

Resource usage summary:

    CPU time :                                   909.75 sec.
    Max Memory :                                 506 MB
    Average Memory :                             390.22 MB
    Total Requested Memory :                     1024.00 MB
    Delta Memory :                               518.00 MB
    Max Swap :                                   -
    Max Processes :                              4
    Max Threads :                                5
    Run time :                                   911 sec.
    Turnaround time :                            912 sec.

The output (if any) is above this job summary.

