Loaded module: gcc/10.3.0-binutils-2.36.1
Loaded module: gprofng/2.41.50
     2.344    307.423 0 # matmult_nmk
    21.094   1498.233 0 # matmult_nmk
    30.375   1632.772 0 # matmult_nmk
    58.594   1576.669 0 # matmult_nmk
   131.836   1511.622 0 # matmult_nmk
   234.375   1436.798 0 # matmult_nmk
   527.344   1363.448 0 # matmult_nmk
   937.500   1325.137 0 # matmult_nmk
  1464.844   1324.089 0 # matmult_nmk
  1837.500   1301.710 0 # matmult_nmk
  3750.000   1246.648 0 # matmult_nmk
  8437.500   1223.213 0 # matmult_nmk
 23437.500   1128.211 0 # matmult_nmk
 52734.375   1140.451 0 # matmult_nmk
 93750.000   1151.455 248 # matmult_nmk
146484.375   1154.411 968 # matmult_nmk
170859.375   1162.001 1560 # matmult_nmk
210937.500   1163.623 2752 # matmult_nmk
287109.375   1167.623 8384 # matmult_nmk
375000.000    524.280 16000 # matmult_nmk

------------------------------------------------------------
Sender: LSF System <lsfadmin@hpc.dtu.dk>
Subject: Job 19865637: <NONAME> in cluster <dcc> Done

Job <NONAME> was submitted from host <hpclogin1> by user <s233091> in cluster <dcc> at Sat Jan  6 10:08:11 2024
Job was executed on host(s) <n-62-31-4>, in queue <hpc>, as user <s233091> in cluster <dcc> at Sat Jan  6 10:08:11 2024
</zhome/c7/f/203083> was used as the home directory.
</zhome/c7/f/203083/02614/HPC_assignment_1/src> was used as the working directory.
Started at Sat Jan  6 10:08:11 2024
Terminated at Sat Jan  6 10:16:55 2024
Results reported at Sat Jan  6 10:16:55 2024

Your job looked like:

------------------------------------------------------------
# LSBATCH: User input
./mm_batch_nmk.sub
------------------------------------------------------------

Successfully completed.

Resource usage summary:

    CPU time :                                   522.72 sec.
    Max Memory :                                 506 MB
    Average Memory :                             374.67 MB
    Total Requested Memory :                     1024.00 MB
    Delta Memory :                               518.00 MB
    Max Swap :                                   -
    Max Processes :                              4
    Max Threads :                                5
    Run time :                                   524 sec.
    Turnaround time :                            524 sec.

The output (if any) is above this job summary.

