Loaded module: gcc/10.3.0-binutils-2.36.1
Loaded module: gprofng/2.41.50
     2.344   1035.487 0 # matmult_nkm
    21.094   1785.364 0 # matmult_nkm
    30.375   1651.188 0 # matmult_nkm
    58.594   1852.877 0 # matmult_nkm
   131.836   1669.669 0 # matmult_nkm
   234.375   1673.603 0 # matmult_nkm
   527.344   1360.490 0 # matmult_nkm
   937.500   1246.840 0 # matmult_nkm
  1464.844   1061.118 0 # matmult_nkm
  1837.500    979.140 0 # matmult_nkm
  3750.000    833.586 0 # matmult_nkm
  8437.500    756.919 0 # matmult_nkm
 23437.500    570.823 0 # matmult_nkm
 52734.375    497.690 0 # matmult_nkm
 93750.000    517.181 248 # matmult_nkm
146484.375    487.669 968 # matmult_nkm
170859.375    490.296 1560 # matmult_nkm
210937.500    600.859 2752 # matmult_nkm
287109.375    498.295 8384 # matmult_nkm
375000.000    319.764 16000 # matmult_nkm

------------------------------------------------------------
Sender: LSF System <lsfadmin@hpc.dtu.dk>
Subject: Job 19865638: <NONAME> in cluster <dcc> Done

Job <NONAME> was submitted from host <hpclogin1> by user <s233091> in cluster <dcc> at Sat Jan  6 10:08:11 2024
Job was executed on host(s) <n-62-31-5>, in queue <hpc>, as user <s233091> in cluster <dcc> at Sat Jan  6 10:08:12 2024
</zhome/c7/f/203083> was used as the home directory.
</zhome/c7/f/203083/02614/HPC_assignment_1/src> was used as the working directory.
Started at Sat Jan  6 10:08:12 2024
Terminated at Sat Jan  6 10:23:45 2024
Results reported at Sat Jan  6 10:23:45 2024

Your job looked like:

------------------------------------------------------------
# LSBATCH: User input
./mm_batch_nkm.sub
------------------------------------------------------------

Successfully completed.

Resource usage summary:

    CPU time :                                   930.21 sec.
    Max Memory :                                 506 MB
    Average Memory :                             390.78 MB
    Total Requested Memory :                     1024.00 MB
    Delta Memory :                               518.00 MB
    Max Swap :                                   -
    Max Processes :                              4
    Max Threads :                                5
    Run time :                                   963 sec.
    Turnaround time :                            934 sec.

The output (if any) is above this job summary.

