Loaded module: gcc/10.3.0-binutils-2.36.1
Loaded module: gprofng/2.41.50
     2.344    647.244 0 # matmult_mnk
    21.094    690.169 0 # matmult_mnk
    30.375    657.697 0 # matmult_mnk
    58.594    618.032 0 # matmult_mnk
   131.836    598.686 0 # matmult_mnk
   234.375    581.472 0 # matmult_mnk
   527.344    567.081 0 # matmult_mnk
   937.500    546.237 0 # matmult_mnk
  1464.844    552.769 0 # matmult_mnk
  1837.500    551.871 0 # matmult_mnk
  3750.000    468.679 0 # matmult_mnk
  8437.500    406.700 0 # matmult_mnk
 23437.500    396.232 0 # matmult_mnk
 52734.375    351.413 0 # matmult_mnk
 93750.000    388.945 248 # matmult_mnk
146484.375    348.685 968 # matmult_mnk
170859.375    349.795 1560 # matmult_mnk
210937.500    393.272 2752 # matmult_mnk
287109.375    335.279 8384 # matmult_mnk
375000.000    362.591 16000 # matmult_mnk

------------------------------------------------------------
Sender: LSF System <lsfadmin@hpc.dtu.dk>
Subject: Job 19865318: <NONAME> in cluster <dcc> Done

Job <NONAME> was submitted from host <n-62-30-1> by user <s233091> in cluster <dcc> at Fri Jan  5 19:22:28 2024
Job was executed on host(s) <n-62-21-99>, in queue <hpc>, as user <s233091> in cluster <dcc> at Fri Jan  5 19:22:30 2024
</zhome/c7/f/203083> was used as the home directory.
</zhome/c7/f/203083/02614/HPC_assignment_1/src> was used as the working directory.
Started at Fri Jan  5 19:22:30 2024
Terminated at Fri Jan  5 19:40:43 2024
Results reported at Fri Jan  5 19:40:43 2024

Your job looked like:

------------------------------------------------------------
# LSBATCH: User input
./mm_batch_mnk.sub
------------------------------------------------------------

Successfully completed.

Resource usage summary:

    CPU time :                                   1090.52 sec.
    Max Memory :                                 506 MB
    Average Memory :                             365.20 MB
    Total Requested Memory :                     1024.00 MB
    Delta Memory :                               518.00 MB
    Max Swap :                                   -
    Max Processes :                              4
    Max Threads :                                5
    Run time :                                   1192 sec.
    Turnaround time :                            1095 sec.

The output (if any) is above this job summary.

