Loaded module: gcc/10.3.0-binutils-2.36.1
Loaded module: gprofng/2.41.50
     2.344    668.167 0 # matmult_nmk
    21.094    667.062 0 # matmult_nmk
    30.375    698.027 0 # matmult_nmk
    58.594    628.487 0 # matmult_nmk
   131.836    600.189 0 # matmult_nmk
   234.375    585.308 0 # matmult_nmk
   527.344    564.657 0 # matmult_nmk
   937.500    553.703 0 # matmult_nmk
  1464.844    551.061 0 # matmult_nmk
  1837.500    550.311 0 # matmult_nmk
  3750.000    540.259 0 # matmult_nmk
  8437.500    513.763 0 # matmult_nmk
 23437.500    521.517 0 # matmult_nmk
 52734.375    525.317 0 # matmult_nmk
 93750.000    346.632 248 # matmult_nmk
146484.375    474.351 968 # matmult_nmk
170859.375    437.361 1560 # matmult_nmk
210937.500    424.456 2752 # matmult_nmk
287109.375    333.090 8384 # matmult_nmk
375000.000    314.834 16000 # matmult_nmk

------------------------------------------------------------
Sender: LSF System <lsfadmin@hpc.dtu.dk>
Subject: Job 19865319: <NONAME> in cluster <dcc> Done

Job <NONAME> was submitted from host <n-62-30-1> by user <s233091> in cluster <dcc> at Fri Jan  5 19:22:28 2024
Job was executed on host(s) <n-62-21-98>, in queue <hpc>, as user <s233091> in cluster <dcc> at Fri Jan  5 19:22:29 2024
</zhome/c7/f/203083> was used as the home directory.
</zhome/c7/f/203083/02614/HPC_assignment_1/src> was used as the working directory.
Started at Fri Jan  5 19:22:29 2024
Terminated at Fri Jan  5 19:40:40 2024
Results reported at Fri Jan  5 19:40:40 2024

Your job looked like:

------------------------------------------------------------
# LSBATCH: User input
./mm_batch_nmk.sub
------------------------------------------------------------

Successfully completed.

Resource usage summary:

    CPU time :                                   1086.78 sec.
    Max Memory :                                 506 MB
    Average Memory :                             365.20 MB
    Total Requested Memory :                     1024.00 MB
    Delta Memory :                               518.00 MB
    Max Swap :                                   -
    Max Processes :                              4
    Max Threads :                                5
    Run time :                                   1190 sec.
    Turnaround time :                            1092 sec.

The output (if any) is above this job summary.

