Loaded module: gcc/10.3.0-binutils-2.36.1
Loaded module: gprofng/2.41.50
     2.344   1297.771 0 # matmult_kmn
    21.094   1728.346 0 # matmult_kmn
    30.375   1719.654 0 # matmult_kmn
    58.594   1718.870 0 # matmult_kmn
   131.836   1617.361 0 # matmult_kmn
   234.375   1669.166 0 # matmult_kmn
   527.344   1650.036 0 # matmult_kmn
   937.500   1678.215 0 # matmult_kmn
  1464.844   1679.507 0 # matmult_kmn
  1837.500   1689.550 0 # matmult_kmn
  3750.000   1571.175 0 # matmult_kmn
  8437.500   1264.154 0 # matmult_kmn
 23437.500   1037.242 0 # matmult_kmn
 52734.375   1032.842 0 # matmult_kmn
 93750.000   1046.991 248 # matmult_kmn
146484.375   1043.798 968 # matmult_kmn
170859.375   1050.541 1560 # matmult_kmn
210937.500   1050.082 2752 # matmult_kmn
287109.375   1054.383 8384 # matmult_kmn
375000.000   1058.571 16000 # matmult_kmn

------------------------------------------------------------
Sender: LSF System <lsfadmin@hpc.dtu.dk>
Subject: Job 19865315: <NONAME> in cluster <dcc> Done

Job <NONAME> was submitted from host <n-62-30-1> by user <s233091> in cluster <dcc> at Fri Jan  5 19:22:27 2024
Job was executed on host(s) <n-62-11-68>, in queue <hpc>, as user <s233091> in cluster <dcc> at Fri Jan  5 19:22:28 2024
</zhome/c7/f/203083> was used as the home directory.
</zhome/c7/f/203083/02614/HPC_assignment_1/src> was used as the working directory.
Started at Fri Jan  5 19:22:28 2024
Terminated at Fri Jan  5 19:29:28 2024
Results reported at Fri Jan  5 19:29:28 2024

Your job looked like:

------------------------------------------------------------
# LSBATCH: User input
./mm_batch_kmn.sub
------------------------------------------------------------

Successfully completed.

Resource usage summary:

    CPU time :                                   418.47 sec.
    Max Memory :                                 506 MB
    Average Memory :                             351.60 MB
    Total Requested Memory :                     1024.00 MB
    Delta Memory :                               518.00 MB
    Max Swap :                                   -
    Max Processes :                              4
    Max Threads :                                5
    Run time :                                   453 sec.
    Turnaround time :                            421 sec.

The output (if any) is above this job summary.

