Loaded module: gcc/10.3.0-binutils-2.36.1
Loaded module: gprofng/2.41.50
     2.344   1287.759 0 # matmult_kmn
    21.094   4157.605 0 # matmult_kmn
    30.375   4471.742 0 # matmult_kmn
    58.594   4894.358 0 # matmult_kmn
   131.836   4512.969 0 # matmult_kmn
   234.375   5100.731 0 # matmult_kmn
   527.344   4772.955 0 # matmult_kmn
   937.500   4970.110 0 # matmult_kmn
  1464.844   4963.099 0 # matmult_kmn
  1837.500   4957.001 0 # matmult_kmn
  3750.000   4050.300 0 # matmult_kmn
  8437.500   3872.270 0 # matmult_kmn
 23437.500   2959.976 0 # matmult_kmn
 52734.375   2331.733 0 # matmult_kmn
 93750.000   2312.367 248 # matmult_kmn
146484.375   2265.034 968 # matmult_kmn
170859.375   2280.122 1560 # matmult_kmn
210937.500   2307.105 2752 # matmult_kmn
287109.375   2302.211 8384 # matmult_kmn
375000.000   2299.958 16000 # matmult_kmn

------------------------------------------------------------
Sender: LSF System <lsfadmin@hpc.dtu.dk>
Subject: Job 19865633: <NONAME> in cluster <dcc> Done

Job <NONAME> was submitted from host <hpclogin1> by user <s233091> in cluster <dcc> at Sat Jan  6 10:08:10 2024
Job was executed on host(s) <n-62-31-4>, in queue <hpc>, as user <s233091> in cluster <dcc> at Sat Jan  6 10:08:10 2024
</zhome/c7/f/203083> was used as the home directory.
</zhome/c7/f/203083/02614/HPC_assignment_1/src> was used as the working directory.
Started at Sat Jan  6 10:08:10 2024
Terminated at Sat Jan  6 10:12:08 2024
Results reported at Sat Jan  6 10:12:08 2024

Your job looked like:

------------------------------------------------------------
# LSBATCH: User input
./mm_batch_kmn.sub
------------------------------------------------------------

Successfully completed.

Resource usage summary:

    CPU time :                                   237.16 sec.
    Max Memory :                                 506 MB
    Average Memory :                             350.50 MB
    Total Requested Memory :                     1024.00 MB
    Delta Memory :                               518.00 MB
    Max Swap :                                   -
    Max Processes :                              4
    Max Threads :                                5
    Run time :                                   266 sec.
    Turnaround time :                            238 sec.

The output (if any) is above this job summary.

