Loaded module: gcc/10.3.0-binutils-2.36.1
Loaded module: gprofng/2.41.50
     2.344   1295.235 0 # matmult_mkn
    21.094   3778.559 0 # matmult_mkn
    30.375   4013.974 0 # matmult_mkn
    58.594   4350.724 0 # matmult_mkn
   131.836   4600.149 0 # matmult_mkn
   234.375   4762.936 0 # matmult_mkn
   527.344   4364.004 0 # matmult_mkn
   937.500   4563.909 0 # matmult_mkn
  1464.844   4651.076 0 # matmult_mkn
  1837.500   4662.734 0 # matmult_mkn
  3750.000   4202.710 0 # matmult_mkn
  8437.500   3919.665 0 # matmult_mkn
 23437.500   2774.700 0 # matmult_mkn
 52734.375   2402.757 0 # matmult_mkn
 93750.000   2349.677 248 # matmult_mkn
146484.375   2313.944 968 # matmult_mkn
170859.375   2305.670 1560 # matmult_mkn
210937.500   2297.086 2752 # matmult_mkn
287109.375   2295.650 8384 # matmult_mkn
375000.000   2301.541 16000 # matmult_mkn

------------------------------------------------------------
Sender: LSF System <lsfadmin@hpc.dtu.dk>
Subject: Job 19865666: <NONAME> in cluster <dcc> Done

Job <NONAME> was submitted from host <hpclogin1> by user <s233091> in cluster <dcc> at Sat Jan  6 10:26:20 2024
Job was executed on host(s) <n-62-31-4>, in queue <hpc>, as user <s233091> in cluster <dcc> at Sat Jan  6 10:26:21 2024
</zhome/c7/f/203083> was used as the home directory.
</zhome/c7/f/203083/02614/HPC_assignment_1/src> was used as the working directory.
Started at Sat Jan  6 10:26:21 2024
Terminated at Sat Jan  6 10:30:19 2024
Results reported at Sat Jan  6 10:30:19 2024

Your job looked like:

------------------------------------------------------------
# LSBATCH: User input
./mm_batch_mkn.sub
------------------------------------------------------------

Successfully completed.

Resource usage summary:

    CPU time :                                   236.89 sec.
    Max Memory :                                 506 MB
    Average Memory :                             351.50 MB
    Total Requested Memory :                     1024.00 MB
    Delta Memory :                               518.00 MB
    Max Swap :                                   -
    Max Processes :                              4
    Max Threads :                                5
    Run time :                                   237 sec.
    Turnaround time :                            239 sec.

The output (if any) is above this job summary.

