Loaded module: gcc/10.3.0-binutils-2.36.1
Loaded module: gprofng/2.41.50
     2.344    852.628 0 # matmult_nkm
    21.094   1350.137 0 # matmult_nkm
    30.375   1340.399 0 # matmult_nkm
    58.594   1311.655 0 # matmult_nkm
   131.836   1311.842 0 # matmult_nkm
   234.375   1326.570 0 # matmult_nkm
   527.344    978.295 0 # matmult_nkm
   937.500    976.356 0 # matmult_nkm
  1464.844    764.478 0 # matmult_nkm
  1837.500    633.417 0 # matmult_nkm
  3750.000    499.153 0 # matmult_nkm
  8437.500    407.044 0 # matmult_nkm
 23437.500    391.334 0 # matmult_nkm
 52734.375    339.104 0 # matmult_nkm
 93750.000    298.028 248 # matmult_nkm
146484.375    260.643 968 # matmult_nkm
170859.375    259.518 1560 # matmult_nkm
210937.500    274.305 2752 # matmult_nkm
287109.375    252.203 8384 # matmult_nkm
375000.000    273.885 16000 # matmult_nkm

------------------------------------------------------------
Sender: LSF System <lsfadmin@hpc.dtu.dk>
Subject: Job 19865320: <NONAME> in cluster <dcc> Done

Job <NONAME> was submitted from host <n-62-30-1> by user <s233091> in cluster <dcc> at Fri Jan  5 19:22:29 2024
Job was executed on host(s) <n-62-21-98>, in queue <hpc>, as user <s233091> in cluster <dcc> at Fri Jan  5 19:22:30 2024
</zhome/c7/f/203083> was used as the home directory.
</zhome/c7/f/203083/02614/HPC_assignment_1/src> was used as the working directory.
Started at Fri Jan  5 19:22:30 2024
Terminated at Fri Jan  5 19:46:25 2024
Results reported at Fri Jan  5 19:46:25 2024

Your job looked like:

------------------------------------------------------------
# LSBATCH: User input
./mm_batch_nkm.sub
------------------------------------------------------------

Successfully completed.

Resource usage summary:

    CPU time :                                   1431.39 sec.
    Max Memory :                                 506 MB
    Average Memory :                             356.58 MB
    Total Requested Memory :                     1024.00 MB
    Delta Memory :                               518.00 MB
    Max Swap :                                   -
    Max Processes :                              4
    Max Threads :                                5
    Run time :                                   1534 sec.
    Turnaround time :                            1436 sec.

The output (if any) is above this job summary.

