Loaded module: gcc/10.3.0-binutils-2.36.1
Loaded module: gprofng/2.41.50
     2.344    877.202 0 # matmult_blk 524288
    21.094   1557.165 0 # matmult_blk 524288
    30.375   1584.400 0 # matmult_blk 524288
    58.594   1634.713 0 # matmult_blk 524288
   131.836   1481.495 0 # matmult_blk 524288
   234.375   1536.678 0 # matmult_blk 524288
   527.344   1594.329 0 # matmult_blk 524288
   937.500   1623.778 0 # matmult_blk 524288
  1464.844   1641.162 0 # matmult_blk 524288
  1837.500   1649.924 0 # matmult_blk 524288
  3750.000   1668.400 0 # matmult_blk 524288
  8437.500   1682.341 0 # matmult_blk 524288
 23437.500   1690.053 0 # matmult_blk 524288
 52734.375   1545.441 0 # matmult_blk 524288
 93750.000   1485.975 248 # matmult_blk 524288
146484.375   1492.796 968 # matmult_blk 524288
170859.375   1486.606 1560 # matmult_blk 524288
210937.500   1494.001 2752 # matmult_blk 524288
287109.375   1480.499 8384 # matmult_blk 524288
375000.000   1483.132 16000 # matmult_blk 524288

------------------------------------------------------------
Sender: LSF System <lsfadmin@hpc.dtu.dk>
Subject: Job 19865864: <524288> in cluster <dcc> Done

Job <524288> was submitted from host <n-62-30-5> by user <s233091> in cluster <dcc> at Sat Jan  6 11:39:26 2024
Job was executed on host(s) <n-62-31-3>, in queue <hpc>, as user <s233091> in cluster <dcc> at Sat Jan  6 11:39:27 2024
</zhome/c7/f/203083> was used as the home directory.
</zhome/c7/f/203083/02614/HPC_assignment_1/src> was used as the working directory.
Started at Sat Jan  6 11:39:27 2024
Terminated at Sat Jan  6 11:44:49 2024
Results reported at Sat Jan  6 11:44:49 2024

Your job looked like:

------------------------------------------------------------
# LSBATCH: User input
./mm_batch_blk.sub 524288
------------------------------------------------------------

Successfully completed.

Resource usage summary:

    CPU time :                                   320.37 sec.
    Max Memory :                                 506 MB
    Average Memory :                             382.40 MB
    Total Requested Memory :                     1024.00 MB
    Delta Memory :                               518.00 MB
    Max Swap :                                   -
    Max Processes :                              4
    Max Threads :                                5
    Run time :                                   394 sec.
    Turnaround time :                            323 sec.

The output (if any) is above this job summary.

