Loaded module: gcc/10.3.0-binutils-2.36.1
Loaded module: gprofng/2.41.50
     2.344    878.665 0 # matmult_blk 262144
    21.094   1556.209 0 # matmult_blk 262144
    30.375   1593.542 0 # matmult_blk 262144
    58.594   1637.328 0 # matmult_blk 262144
   131.836   1483.675 0 # matmult_blk 262144
   234.375   1533.966 0 # matmult_blk 262144
   527.344   1591.296 0 # matmult_blk 262144
   937.500   1624.078 0 # matmult_blk 262144
  1464.844   1641.035 0 # matmult_blk 262144
  1837.500   1649.971 0 # matmult_blk 262144
  3750.000   1661.525 0 # matmult_blk 262144
  8437.500   1599.433 0 # matmult_blk 262144
 23437.500   1420.751 0 # matmult_blk 262144
 52734.375   1407.999 0 # matmult_blk 262144
 93750.000   1405.824 248 # matmult_blk 262144
146484.375   1415.109 968 # matmult_blk 262144
170859.375   1410.534 1560 # matmult_blk 262144
210937.500   1414.962 2752 # matmult_blk 262144
287109.375   1408.402 8384 # matmult_blk 262144
375000.000   1413.246 16000 # matmult_blk 262144

------------------------------------------------------------
Sender: LSF System <lsfadmin@hpc.dtu.dk>
Subject: Job 19865863: <262144> in cluster <dcc> Done

Job <262144> was submitted from host <n-62-30-5> by user <s233091> in cluster <dcc> at Sat Jan  6 11:39:26 2024
Job was executed on host(s) <n-62-31-4>, in queue <hpc>, as user <s233091> in cluster <dcc> at Sat Jan  6 11:39:29 2024
</zhome/c7/f/203083> was used as the home directory.
</zhome/c7/f/203083/02614/HPC_assignment_1/src> was used as the working directory.
Started at Sat Jan  6 11:39:29 2024
Terminated at Sat Jan  6 11:45:05 2024
Results reported at Sat Jan  6 11:45:05 2024

Your job looked like:

------------------------------------------------------------
# LSBATCH: User input
./mm_batch_blk.sub 262144
------------------------------------------------------------

Successfully completed.

Resource usage summary:

    CPU time :                                   334.35 sec.
    Max Memory :                                 506 MB
    Average Memory :                             363.80 MB
    Total Requested Memory :                     1024.00 MB
    Delta Memory :                               518.00 MB
    Max Swap :                                   -
    Max Processes :                              4
    Max Threads :                                5
    Run time :                                   409 sec.
    Turnaround time :                            339 sec.

The output (if any) is above this job summary.

