Loaded module: gcc/10.3.0-binutils-2.36.1
Loaded module: gprofng/2.41.50
     2.344    870.363 0 # matmult_blk 1024
    21.094   1549.945 0 # matmult_blk 1024
    30.375   1588.522 0 # matmult_blk 1024
    58.594   1632.389 0 # matmult_blk 1024
   131.836   1496.714 0 # matmult_blk 1024
   234.375   1551.303 0 # matmult_blk 1024
   527.344   1600.324 0 # matmult_blk 1024
   937.500   1627.498 0 # matmult_blk 1024
  1464.844   1642.575 0 # matmult_blk 1024
  1837.500   1648.290 0 # matmult_blk 1024
  3750.000   1622.266 0 # matmult_blk 1024
  8437.500   1634.845 0 # matmult_blk 1024
 23437.500   1419.580 0 # matmult_blk 1024
 52734.375   1543.978 0 # matmult_blk 1024
 93750.000   1477.731 248 # matmult_blk 1024
146484.375   1406.846 968 # matmult_blk 1024
170859.375   1374.498 1560 # matmult_blk 1024
210937.500   1424.889 2752 # matmult_blk 1024
287109.375   1494.183 8384 # matmult_blk 1024
375000.000   1354.858 16000 # matmult_blk 1024

------------------------------------------------------------
Sender: LSF System <lsfadmin@hpc.dtu.dk>
Subject: Job 19865813: <NONAME> in cluster <dcc> Done

Job <NONAME> was submitted from host <n-62-30-5> by user <s233091> in cluster <dcc> at Sat Jan  6 11:01:05 2024
Job was executed on host(s) <n-62-31-3>, in queue <hpc>, as user <s233091> in cluster <dcc> at Sat Jan  6 11:01:07 2024
</zhome/c7/f/203083> was used as the home directory.
</zhome/c7/f/203083/02614/HPC_assignment_1/src> was used as the working directory.
Started at Sat Jan  6 11:01:07 2024
Terminated at Sat Jan  6 11:06:43 2024
Results reported at Sat Jan  6 11:06:43 2024

Your job looked like:

------------------------------------------------------------
# LSBATCH: User input
./mm_batch_blk.sub 1024
------------------------------------------------------------

Successfully completed.

Resource usage summary:

    CPU time :                                   334.55 sec.
    Max Memory :                                 506 MB
    Average Memory :                             362.20 MB
    Total Requested Memory :                     1024.00 MB
    Delta Memory :                               518.00 MB
    Max Swap :                                   -
    Max Processes :                              4
    Max Threads :                                5
    Run time :                                   410 sec.
    Turnaround time :                            338 sec.

The output (if any) is above this job summary.

