Loaded module: gcc/10.3.0-binutils-2.36.1
Loaded module: gprofng/2.41.50
     2.344    872.837 0 # matmult_blk 1024
    21.094   1558.220 0 # matmult_blk 1024
    30.375   1597.496 0 # matmult_blk 1024
    58.594   1641.093 0 # matmult_blk 1024
   131.836   1502.582 0 # matmult_blk 1024
   234.375   1556.146 0 # matmult_blk 1024
   527.344   1605.309 0 # matmult_blk 1024
   937.500   1632.703 0 # matmult_blk 1024
  1464.844   1649.349 0 # matmult_blk 1024
  1837.500   1656.985 0 # matmult_blk 1024
  3750.000   1631.620 0 # matmult_blk 1024
  8437.500   1658.958 0 # matmult_blk 1024
 23437.500   1526.793 0 # matmult_blk 1024
 52734.375   1555.241 0 # matmult_blk 1024
 93750.000   1602.305 248 # matmult_blk 1024
146484.375   1560.287 968 # matmult_blk 1024
170859.375   1593.988 1560 # matmult_blk 1024
210937.500   1563.473 2752 # matmult_blk 1024
287109.375   1568.066 8384 # matmult_blk 1024
