Loaded module: gcc/10.3.0-binutils-2.36.1
Loaded module: gprofng/2.41.50
     2.344    872.623 0 # matmult_blk 64
    21.094   1554.618 0 # matmult_blk 64
    30.375   1593.081 0 # matmult_blk 64
    58.594   1638.660 0 # matmult_blk 64
   131.836   1622.125 0 # matmult_blk 64
   234.375   1650.856 0 # matmult_blk 64
   527.344   1649.099 0 # matmult_blk 64
   937.500   1650.527 0 # matmult_blk 64
  1464.844   1659.716 0 # matmult_blk 64
  1837.500   1651.408 0 # matmult_blk 64
  3750.000   1632.093 0 # matmult_blk 64
  8437.500   1629.499 0 # matmult_blk 64
 23437.500   1625.223 0 # matmult_blk 64
 52734.375   1632.857 0 # matmult_blk 64
 93750.000   1633.183 248 # matmult_blk 64
146484.375   1641.806 968 # matmult_blk 64
170859.375   1632.542 1560 # matmult_blk 64
210937.500   1634.716 2752 # matmult_blk 64
287109.375   1629.775 8384 # matmult_blk 64
