Loaded module: gcc/10.3.0-binutils-2.36.1
Loaded module: gprofng/2.41.50
     2.344    877.297 0 # matmult_blk 4096
    21.094   1555.344 0 # matmult_blk 4096
    30.375   1591.942 0 # matmult_blk 4096
    58.594   1638.597 0 # matmult_blk 4096
   131.836   1478.573 0 # matmult_blk 4096
   234.375   1532.808 0 # matmult_blk 4096
   527.344   1591.250 0 # matmult_blk 4096
   937.500   1622.875 0 # matmult_blk 4096
  1464.844   1642.539 0 # matmult_blk 4096
  1837.500   1650.024 0 # matmult_blk 4096
  3750.000   1662.090 0 # matmult_blk 4096
  8437.500   1582.887 0 # matmult_blk 4096
 23437.500   1433.296 0 # matmult_blk 4096
 52734.375   1402.864 0 # matmult_blk 4096
 93750.000   1402.869 248 # matmult_blk 4096
146484.375   1409.165 968 # matmult_blk 4096
170859.375   1404.542 1560 # matmult_blk 4096
210937.500   1412.418 2752 # matmult_blk 4096
287109.375   1405.788 8384 # matmult_blk 4096
375000.000   1412.486 16000 # matmult_blk 4096

------------------------------------------------------------
Sender: LSF System <lsfadmin@hpc.dtu.dk>
Subject: Job 19865857: <4096> in cluster <dcc> Done

Job <4096> was submitted from host <n-62-30-5> by user <s233091> in cluster <dcc> at Sat Jan  6 11:39:24 2024
Job was executed on host(s) <n-62-31-4>, in queue <hpc>, as user <s233091> in cluster <dcc> at Sat Jan  6 11:39:25 2024
</zhome/c7/f/203083> was used as the home directory.
</zhome/c7/f/203083/02614/HPC_assignment_1/src> was used as the working directory.
Started at Sat Jan  6 11:39:25 2024
Terminated at Sat Jan  6 11:45:05 2024
Results reported at Sat Jan  6 11:45:05 2024

Your job looked like:

------------------------------------------------------------
# LSBATCH: User input
./mm_batch_blk.sub 4096
------------------------------------------------------------

Successfully completed.

Resource usage summary:

    CPU time :                                   334.57 sec.
    Max Memory :                                 506 MB
    Average Memory :                             363.60 MB
    Total Requested Memory :                     1024.00 MB
    Delta Memory :                               518.00 MB
    Max Swap :                                   -
    Max Processes :                              4
    Max Threads :                                5
    Run time :                                   409 sec.
    Turnaround time :                            341 sec.

The output (if any) is above this job summary.

