Loaded module: gcc/10.3.0-binutils-2.36.1
Loaded module: gprofng/2.41.50
     2.344    751.504 0 # matmult_blk 4096
    21.094    759.734 0 # matmult_blk 4096
    30.375    755.682 0 # matmult_blk 4096
    58.594    706.211 0 # matmult_blk 4096
   131.836    660.130 0 # matmult_blk 4096
   234.375    649.783 0 # matmult_blk 4096
   527.344    638.626 0 # matmult_blk 4096
   937.500    630.093 0 # matmult_blk 4096
  1464.844    615.229 0 # matmult_blk 4096
  1837.500    606.393 0 # matmult_blk 4096
  3750.000    499.503 0 # matmult_blk 4096
  8437.500    387.167 0 # matmult_blk 4096
 23437.500    387.061 0 # matmult_blk 4096
 52734.375    309.994 0 # matmult_blk 4096
 93750.000    399.568 248 # matmult_blk 4096
146484.375    314.862 968 # matmult_blk 4096
170859.375    310.832 1560 # matmult_blk 4096
210937.500    392.682 2752 # matmult_blk 4096
287109.375    306.490 8384 # matmult_blk 4096
375000.000    273.488 16000 # matmult_blk 4096

------------------------------------------------------------
Sender: LSF System <lsfadmin@hpc.dtu.dk>
Subject: Job 19865554: <NONAME> in cluster <dcc> Done

Job <NONAME> was submitted from host <n-62-30-8> by user <s233091> in cluster <dcc> at Sat Jan  6 03:10:26 2024
Job was executed on host(s) <n-62-11-66>, in queue <hpc>, as user <s233091> in cluster <dcc> at Sat Jan  6 03:10:27 2024
</zhome/c7/f/203083> was used as the home directory.
</zhome/c7/f/203083/02614/HPC_assignment_1/src> was used as the working directory.
Started at Sat Jan  6 03:10:27 2024
Terminated at Sat Jan  6 03:31:19 2024
Results reported at Sat Jan  6 03:31:19 2024

Your job looked like:

------------------------------------------------------------
# LSBATCH: User input
./mm_batch_blk.sub 4096
------------------------------------------------------------

Successfully completed.

Resource usage summary:

    CPU time :                                   1251.39 sec.
    Max Memory :                                 506 MB
    Average Memory :                             367.55 MB
    Total Requested Memory :                     1024.00 MB
    Delta Memory :                               518.00 MB
    Max Swap :                                   -
    Max Processes :                              4
    Max Threads :                                5
    Run time :                                   1270 sec.
    Turnaround time :                            1253 sec.

The output (if any) is above this job summary.

