Loaded module: gcc/10.3.0-binutils-2.36.1
Loaded module: gprofng/2.41.50
     2.344    872.643 0 # matmult_blk 32
    21.094   1553.390 0 # matmult_blk 32
    30.375   1493.641 0 # matmult_blk 32
    58.594   1559.339 0 # matmult_blk 32
   131.836   1570.570 0 # matmult_blk 32
   234.375   1574.750 0 # matmult_blk 32
   527.344   1595.774 0 # matmult_blk 32
   937.500   1592.033 0 # matmult_blk 32
  1464.844   1599.698 0 # matmult_blk 32
  1837.500   1599.092 0 # matmult_blk 32
  3750.000   1580.992 0 # matmult_blk 32
  8437.500   1558.633 0 # matmult_blk 32
 23437.500   1574.952 0 # matmult_blk 32
 52734.375   1556.575 0 # matmult_blk 32
 93750.000   1532.215 248 # matmult_blk 32
146484.375   1532.022 968 # matmult_blk 32
170859.375   1536.725 1560 # matmult_blk 32
210937.500   1528.873 2752 # matmult_blk 32
287109.375   1537.490 8384 # matmult_blk 32
375000.000   1521.346 16000 # matmult_blk 32

------------------------------------------------------------
Sender: LSF System <lsfadmin@hpc.dtu.dk>
Subject: Job 19865808: <NONAME> in cluster <dcc> Done

Job <NONAME> was submitted from host <n-62-30-5> by user <s233091> in cluster <dcc> at Sat Jan  6 11:01:04 2024
Job was executed on host(s) <n-62-31-4>, in queue <hpc>, as user <s233091> in cluster <dcc> at Sat Jan  6 11:01:05 2024
</zhome/c7/f/203083> was used as the home directory.
</zhome/c7/f/203083/02614/HPC_assignment_1/src> was used as the working directory.
Started at Sat Jan  6 11:01:05 2024
Terminated at Sat Jan  6 11:06:21 2024
Results reported at Sat Jan  6 11:06:21 2024

Your job looked like:

------------------------------------------------------------
# LSBATCH: User input
./mm_batch_blk.sub 32
------------------------------------------------------------

Successfully completed.

Resource usage summary:

    CPU time :                                   313.93 sec.
    Max Memory :                                 506 MB
    Average Memory :                             362.20 MB
    Total Requested Memory :                     1024.00 MB
    Delta Memory :                               518.00 MB
    Max Swap :                                   -
    Max Processes :                              4
    Max Threads :                                5
    Run time :                                   380 sec.
    Turnaround time :                            317 sec.

The output (if any) is above this job summary.

