Loaded module: gcc/10.3.0-binutils-2.36.1
Loaded module: gprofng/2.41.50
     2.344    871.286 0 # matmult_blk 128
    21.094   1555.337 0 # matmult_blk 128
    30.375   1584.620 0 # matmult_blk 128
    58.594   1638.475 0 # matmult_blk 128
   131.836   1499.110 0 # matmult_blk 128
   234.375   1554.223 0 # matmult_blk 128
   527.344   1583.102 0 # matmult_blk 128
   937.500   1613.409 0 # matmult_blk 128
  1464.844   1577.555 0 # matmult_blk 128
  1837.500   1576.329 0 # matmult_blk 128
  3750.000   1563.390 0 # matmult_blk 128
  8437.500   1557.148 0 # matmult_blk 128
 23437.500   1568.753 0 # matmult_blk 128
 52734.375   1581.905 0 # matmult_blk 128
 93750.000   1571.335 248 # matmult_blk 128
146484.375   1575.570 968 # matmult_blk 128
170859.375   1573.607 1560 # matmult_blk 128
210937.500   1575.079 2752 # matmult_blk 128
287109.375   1574.290 8384 # matmult_blk 128
375000.000   1549.179 16000 # matmult_blk 128

------------------------------------------------------------
Sender: LSF System <lsfadmin@hpc.dtu.dk>
Subject: Job 19865810: <NONAME> in cluster <dcc> Done

Job <NONAME> was submitted from host <n-62-30-5> by user <s233091> in cluster <dcc> at Sat Jan  6 11:01:05 2024
Job was executed on host(s) <n-62-31-4>, in queue <hpc>, as user <s233091> in cluster <dcc> at Sat Jan  6 11:01:05 2024
</zhome/c7/f/203083> was used as the home directory.
</zhome/c7/f/203083/02614/HPC_assignment_1/src> was used as the working directory.
Started at Sat Jan  6 11:01:05 2024
Terminated at Sat Jan  6 11:06:15 2024
Results reported at Sat Jan  6 11:06:15 2024

Your job looked like:

------------------------------------------------------------
# LSBATCH: User input
./mm_batch_blk.sub 128
------------------------------------------------------------

Successfully completed.

Resource usage summary:

    CPU time :                                   308.41 sec.
    Max Memory :                                 506 MB
    Average Memory :                             362.20 MB
    Total Requested Memory :                     1024.00 MB
    Delta Memory :                               518.00 MB
    Max Swap :                                   -
    Max Processes :                              4
    Max Threads :                                5
    Run time :                                   375 sec.
    Turnaround time :                            310 sec.

The output (if any) is above this job summary.

