Loaded module: gcc/10.3.0-binutils-2.36.1
Loaded module: gprofng/2.41.50
     2.344    873.652 0 # matmult_blk 16
    21.094   1427.093 0 # matmult_blk 16
    30.375   1403.809 0 # matmult_blk 16
    58.594   1423.727 0 # matmult_blk 16
   131.836   1465.619 0 # matmult_blk 16
   234.375   1469.532 0 # matmult_blk 16
   527.344   1478.295 0 # matmult_blk 16
   937.500   1477.515 0 # matmult_blk 16
  1464.844   1480.314 0 # matmult_blk 16
  1837.500   1477.201 0 # matmult_blk 16
  3750.000   1486.161 0 # matmult_blk 16
  8437.500   1479.751 0 # matmult_blk 16
 23437.500   1478.169 0 # matmult_blk 16
 52734.375   1479.282 0 # matmult_blk 16
 93750.000   1484.183 248 # matmult_blk 16
146484.375   1484.003 968 # matmult_blk 16
170859.375   1485.322 1560 # matmult_blk 16
210937.500   1483.621 2752 # matmult_blk 16
287109.375   1485.916 8384 # matmult_blk 16
