Loaded module: gcc/10.3.0-binutils-2.36.1
Loaded module: gprofng/2.41.50
     2.344    874.130 0 # matmult_blk 2048
    21.094   1558.557 0 # matmult_blk 2048
    30.375   1596.932 0 # matmult_blk 2048
    58.594   1641.778 0 # matmult_blk 2048
   131.836   1502.508 0 # matmult_blk 2048
   234.375   1555.784 0 # matmult_blk 2048
   527.344   1606.236 0 # matmult_blk 2048
   937.500   1632.406 0 # matmult_blk 2048
  1464.844   1650.031 0 # matmult_blk 2048
  1837.500   1651.332 0 # matmult_blk 2048
  3750.000   1632.123 0 # matmult_blk 2048
  8437.500   1649.455 0 # matmult_blk 2048
 23437.500   1480.991 0 # matmult_blk 2048
 52734.375   1413.443 0 # matmult_blk 2048
 93750.000   1412.183 248 # matmult_blk 2048
146484.375   1412.428 968 # matmult_blk 2048
170859.375   1392.634 1560 # matmult_blk 2048
210937.500   1386.047 2752 # matmult_blk 2048
287109.375   1354.924 8384 # matmult_blk 2048
