Loaded module: gcc/10.3.0-binutils-2.36.1
Loaded module: gprofng/2.41.50
     2.344    877.743 0 # matmult_blk 32768
    21.094   1555.016 0 # matmult_blk 32768
    30.375   1583.890 0 # matmult_blk 32768
    58.594   1635.991 0 # matmult_blk 32768
   131.836   1483.532 0 # matmult_blk 32768
   234.375   1536.117 0 # matmult_blk 32768
   527.344   1590.791 0 # matmult_blk 32768
   937.500   1622.311 0 # matmult_blk 32768
  1464.844   1642.535 0 # matmult_blk 32768
  1837.500   1649.245 0 # matmult_blk 32768
  3750.000   1663.069 0 # matmult_blk 32768
  8437.500   1608.541 0 # matmult_blk 32768
 23437.500   1432.149 0 # matmult_blk 32768
 52734.375   1410.933 0 # matmult_blk 32768
 93750.000   1414.758 248 # matmult_blk 32768
146484.375   1416.426 968 # matmult_blk 32768
170859.375   1412.009 1560 # matmult_blk 32768
210937.500   1419.647 2752 # matmult_blk 32768
287109.375   1409.901 8384 # matmult_blk 32768
375000.000   1420.171 16000 # matmult_blk 32768

------------------------------------------------------------
Sender: LSF System <lsfadmin@hpc.dtu.dk>
Subject: Job 19865860: <32768> in cluster <dcc> Done

Job <32768> was submitted from host <n-62-30-5> by user <s233091> in cluster <dcc> at Sat Jan  6 11:39:25 2024
Job was executed on host(s) <n-62-31-4>, in queue <hpc>, as user <s233091> in cluster <dcc> at Sat Jan  6 11:39:26 2024
</zhome/c7/f/203083> was used as the home directory.
</zhome/c7/f/203083/02614/HPC_assignment_1/src> was used as the working directory.
Started at Sat Jan  6 11:39:26 2024
Terminated at Sat Jan  6 11:45:04 2024
Results reported at Sat Jan  6 11:45:04 2024

Your job looked like:

------------------------------------------------------------
# LSBATCH: User input
./mm_batch_blk.sub 32768
------------------------------------------------------------

Successfully completed.

Resource usage summary:

    CPU time :                                   333.52 sec.
    Max Memory :                                 506 MB
    Average Memory :                             363.60 MB
    Total Requested Memory :                     1024.00 MB
    Delta Memory :                               518.00 MB
    Max Swap :                                   -
    Max Processes :                              4
    Max Threads :                                5
    Run time :                                   409 sec.
    Turnaround time :                            339 sec.

The output (if any) is above this job summary.

