     2.344    749.337 0 # matmult_blk 1024
    21.094    718.218 0 # matmult_blk 1024
    30.375    727.079 0 # matmult_blk 1024
    58.594    687.503 0 # matmult_blk 1024
   131.836    661.590 0 # matmult_blk 1024
   234.375    651.347 0 # matmult_blk 1024
   527.344    640.318 0 # matmult_blk 1024
   937.500    631.020 0 # matmult_blk 1024
  1464.844    616.728 0 # matmult_blk 1024
  1837.500    610.268 0 # matmult_blk 1024
  3750.000    547.039 0 # matmult_blk 1024
  8437.500    419.813 0 # matmult_blk 1024
 23437.500    390.564 0 # matmult_blk 1024
 52734.375    312.354 0 # matmult_blk 1024
 93750.000    408.084 248 # matmult_blk 1024
146484.375    316.714 968 # matmult_blk 1024
170859.375    312.514 1560 # matmult_blk 1024
210937.500    397.731 2752 # matmult_blk 1024
287109.375    311.181 8384 # matmult_blk 1024
375000.000    390.971 16000 # matmult_blk 1024

------------------------------------------------------------
Sender: LSF System <lsfadmin@hpc.dtu.dk>
Subject: Job 19865553: <NONAME> in cluster <dcc> Done

Job <NONAME> was submitted from host <n-62-30-8> by user <s233091> in cluster <dcc> at Sat Jan  6 03:10:26 2024
Job was executed on host(s) <n-62-11-67>, in queue <hpc>, as user <s233091> in cluster <dcc> at Sat Jan  6 03:10:27 2024
</zhome/c7/f/203083> was used as the home directory.
</zhome/c7/f/203083/02614/HPC_assignment_1/src> was used as the working directory.
Started at Sat Jan  6 03:10:27 2024
Terminated at Sat Jan  6 03:28:50 2024
Results reported at Sat Jan  6 03:28:50 2024

Your job looked like:

------------------------------------------------------------
# LSBATCH: User input
./mm_batch_blk.sub 1024
------------------------------------------------------------

Successfully completed.

Resource usage summary:

    CPU time :                                   1101.92 sec.
    Max Memory :                                 506 MB
    Average Memory :                             353.80 MB
    Total Requested Memory :                     1024.00 MB
    Delta Memory :                               518.00 MB
    Max Swap :                                   -
    Max Processes :                              4
    Max Threads :                                5
    Run time :                                   1121 sec.
    Turnaround time :                            1104 sec.

The output (if any) is above this job summary.

