Loaded module: gcc/10.3.0-binutils-2.36.1
Loaded module: gprofng/2.41.50
     2.344    871.982 0 # matmult_blk 4096
    21.094   1550.561 0 # matmult_blk 4096
    30.375   1589.120 0 # matmult_blk 4096
    58.594   1631.723 0 # matmult_blk 4096
   131.836   1496.116 0 # matmult_blk 4096
   234.375   1552.426 0 # matmult_blk 4096
   527.344   1599.692 0 # matmult_blk 4096
   937.500   1628.032 0 # matmult_blk 4096
  1464.844   1642.287 0 # matmult_blk 4096
  1837.500   1643.418 0 # matmult_blk 4096
  3750.000   1623.608 0 # matmult_blk 4096
  8437.500   1635.993 0 # matmult_blk 4096
 23437.500   1418.323 0 # matmult_blk 4096
 52734.375   1422.332 0 # matmult_blk 4096
 93750.000   1428.737 248 # matmult_blk 4096
146484.375   1424.155 968 # matmult_blk 4096
170859.375   1426.923 1560 # matmult_blk 4096
210937.500   1440.542 2752 # matmult_blk 4096
287109.375   1460.927 8384 # matmult_blk 4096
375000.000   1428.212 16000 # matmult_blk 4096

------------------------------------------------------------
Sender: LSF System <lsfadmin@hpc.dtu.dk>
Subject: Job 19865815: <NONAME> in cluster <dcc> Done

Job <NONAME> was submitted from host <n-62-30-5> by user <s233091> in cluster <dcc> at Sat Jan  6 11:01:06 2024
Job was executed on host(s) <n-62-31-3>, in queue <hpc>, as user <s233091> in cluster <dcc> at Sat Jan  6 11:01:07 2024
</zhome/c7/f/203083> was used as the home directory.
</zhome/c7/f/203083/02614/HPC_assignment_1/src> was used as the working directory.
Started at Sat Jan  6 11:01:07 2024
Terminated at Sat Jan  6 11:06:38 2024
Results reported at Sat Jan  6 11:06:38 2024

Your job looked like:

------------------------------------------------------------
# LSBATCH: User input
./mm_batch_blk.sub 4096
------------------------------------------------------------

Successfully completed.

Resource usage summary:

    CPU time :                                   330.04 sec.
    Max Memory :                                 506 MB
    Average Memory :                             362.20 MB
    Total Requested Memory :                     1024.00 MB
    Delta Memory :                               518.00 MB
    Max Swap :                                   -
    Max Processes :                              4
    Max Threads :                                5
    Run time :                                   406 sec.
    Turnaround time :                            332 sec.

The output (if any) is above this job summary.

