Loaded module: gcc/10.3.0-binutils-2.36.1
Loaded module: gprofng/2.41.50
     2.344    876.810 0 # matmult_blk 4096
    21.094   1558.597 0 # matmult_blk 4096
    30.375   1596.984 0 # matmult_blk 4096
    58.594   1641.676 0 # matmult_blk 4096
   131.836   1501.710 0 # matmult_blk 4096
   234.375   1555.601 0 # matmult_blk 4096
   527.344   1605.045 0 # matmult_blk 4096
   937.500   1632.958 0 # matmult_blk 4096
  1464.844   1650.014 0 # matmult_blk 4096
  1837.500   1650.815 0 # matmult_blk 4096
  3750.000   1632.356 0 # matmult_blk 4096
  8437.500   1646.561 0 # matmult_blk 4096
 23437.500   1485.933 0 # matmult_blk 4096
 52734.375   1416.973 0 # matmult_blk 4096
 93750.000   1410.936 248 # matmult_blk 4096
146484.375   1417.451 968 # matmult_blk 4096
170859.375   1419.583 1560 # matmult_blk 4096
210937.500   1423.336 2752 # matmult_blk 4096
287109.375   1426.904 8384 # matmult_blk 4096
