     2.344    769.765 0 # matmult_blk 32
    21.094   1249.316 0 # matmult_blk 32
    30.375   1302.552 0 # matmult_blk 32
    58.594   1311.557 0 # matmult_blk 32
   234.375   1333.337 0 # matmult_blk 32
   527.344   1319.675 0 # matmult_blk 32
   937.500   1311.470 0 # matmult_blk 32
  1464.844   1348.215 0 # matmult_blk 32
  1837.500   1318.382 0 # matmult_blk 32
  3750.000   1276.429 0 # matmult_blk 32
  8437.500   1315.093 0 # matmult_blk 32
 23437.500   1312.294 0 # matmult_blk 32
 52734.375   1331.405 0 # matmult_blk 32
 93750.000   1221.383 248 # matmult_blk 32
146484.375   1242.057 968 # matmult_blk 32
170859.375   1248.575 1560 # matmult_blk 32
210937.500   1227.617 2752 # matmult_blk 32
287109.375   1321.717 8384 # matmult_blk 32
375000.000   1146.426 16000 # matmult_blk 32

------------------------------------------------------------
Sender: LSF System <lsfadmin@hpc.dtu.dk>
Subject: Job 19861139: <mm_batch> in cluster <dcc> Done

Job <mm_batch> was submitted from host <n-62-30-1> by user <s173394> in cluster <dcc> at Fri Jan  5 11:23:18 2024
Job was executed on host(s) <n-62-21-3>, in queue <hpcintro>, as user <s173394> in cluster <dcc> at Fri Jan  5 11:23:19 2024
</zhome/97/7/126506> was used as the home directory.
</zhome/97/7/126506/02614/assignments/HPC_assignment_1/src> was used as the working directory.
Started at Fri Jan  5 11:23:19 2024
Terminated at Fri Jan  5 11:29:36 2024
Results reported at Fri Jan  5 11:29:36 2024

Your job looked like:

------------------------------------------------------------
# LSBATCH: User input
#!/bin/bash
# 02614 - High-Performance Computing, January 2022
# 
# batch script to run matmult on a decidated server in the hpcintro
# queue
#
# Author: Bernd Dammann <bd@cc.dtu.dk>
#
#BSUB -J mm_batch
#BSUB -o output/blk_batch_%J.out
#BSUB -q hpcintro
#BSUB -n 1
#BSUB -R "rusage[mem=2048]"
#BSUB -W 20
# uncomment the following line, if you want to assure that your job has
# a whole CPU for itself (shared L3 cache)
# #BSUB -R "span[hosts=1] affinity[socket(1)]"

# define the driver name to use
# valid values: matmult_c.studio, matmult_f.studio, matmult_c.gcc or
# matmult_f.gcc
#
EXECUTABLE=matmult_c.gcc

# define the mkn values in the MKN variable
#
SIZES="10 30 36 50 100 150 200 250 280 400 600 1000 1500 2000 2500 2700 3000 3500 4000"

# define the permutation type in PERM
#
PERM="blk"

# uncomment and set a reasonable BLKSIZE for the blk version
#
BLKSIZE=32

# enable(1)/disable(0) result checking
export MATMULT_COMPARE=1

# start the collect command with the above settings
for S in $SIZES
do
    ./$EXECUTABLE $PERM $S $S $S $BLKSIZE
done

------------------------------------------------------------

Successfully completed.

Resource usage summary:

    CPU time :                                   375.47 sec.
    Max Memory :                                 506 MB
    Average Memory :                             338.00 MB
    Total Requested Memory :                     2048.00 MB
    Delta Memory :                               1542.00 MB
    Max Swap :                                   -
    Max Processes :                              4
    Max Threads :                                5
    Run time :                                   376 sec.
    Turnaround time :                            378 sec.

The output (if any) is above this job summary.

