     2.344    729.391 0 # matmult_blk 32
    14.648   1250.629 0 # matmult_blk 32
    58.594   1151.299 0 # matmult_blk 32
   234.375   1107.516 0 # matmult_blk 32
   527.344   1098.317 0 # matmult_blk 32
   937.500   1104.480 0 # matmult_blk 32
  3750.000   1096.103 0 # matmult_blk 32
  8437.500   1109.190 0 # matmult_blk 32
 23437.500   1105.872 0 # matmult_blk 32
 52734.375   1111.860 0 # matmult_blk 32
 93750.000   1081.164 248 # matmult_blk 32
146484.375   1081.409 968 # matmult_blk 32
210937.500   1080.244 2752 # matmult_blk 32
287109.375   1033.889 8384 # matmult_blk 32
375000.000   1082.216 16000 # matmult_blk 32

------------------------------------------------------------
Sender: LSF System <lsfadmin@hpc.dtu.dk>
Subject: Job 19860621: <mm_batch> in cluster <dcc> Done

Job <mm_batch> was submitted from host <n-62-30-1> by user <s173394> in cluster <dcc> at Fri Jan  5 10:31:50 2024
Job was executed on host(s) <n-62-21-5>, in queue <hpcintro>, as user <s173394> in cluster <dcc> at Fri Jan  5 10:31:51 2024
</zhome/97/7/126506> was used as the home directory.
</zhome/97/7/126506/02614/assignments/HPC_assignment_1/src> was used as the working directory.
Started at Fri Jan  5 10:31:51 2024
Terminated at Fri Jan  5 10:37:59 2024
Results reported at Fri Jan  5 10:37:59 2024

Your job looked like:

------------------------------------------------------------
# LSBATCH: User input
#!/bin/bash
# 02614 - High-Performance Computing, January 2022
# 
# batch script to run matmult on a decidated server in the hpcintro
# queue
#
# Author: Bernd Dammann <bd@cc.dtu.dk>
#
#BSUB -J mm_batch
#BSUB -o output/blk_batch_%J.out
#BSUB -q hpcintro
#BSUB -n 1
#BSUB -R "rusage[mem=2048]"
#BSUB -W 15
# uncomment the following line, if you want to assure that your job has
# a whole CPU for itself (shared L3 cache)
# #BSUB -R "span[hosts=1] affinity[socket(1)]"

# define the driver name to use
# valid values: matmult_c.studio, matmult_f.studio, matmult_c.gcc or
# matmult_f.gcc
#
EXECUTABLE=matmult_c.gcc

# define the mkn values in the MKN variable
#
SIZES="10 25 50 100 150 200 400 600 1000 1500 2000 2500 3000 3500 4000"

# define the permutation type in PERM
#
PERM="blk"

# uncomment and set a reasonable BLKSIZE for the blk version
#
BLKSIZE=32

# enable(1)/disable(0) result checking
export MATMULT_COMPARE=1

# start the collect command with the above settings
for S in $SIZES
do
    ./$EXECUTABLE $PERM $S $S $S $BLKSIZE
done

------------------------------------------------------------

Successfully completed.

Resource usage summary:

    CPU time :                                   367.87 sec.
    Max Memory :                                 506 MB
    Average Memory :                             384.80 MB
    Total Requested Memory :                     2048.00 MB
    Delta Memory :                               1542.00 MB
    Max Swap :                                   -
    Max Processes :                              4
    Max Threads :                                5
    Run time :                                   368 sec.
    Turnaround time :                            369 sec.

The output (if any) is above this job summary.

