     2.344   1048.605 0 # matmult_kmn
    21.094   3077.693 0 # matmult_kmn
    30.375   3306.722 0 # matmult_kmn
    58.594   3605.227 0 # matmult_kmn
   131.836   3130.669 0 # matmult_kmn
   234.375   3300.123 0 # matmult_kmn
   527.344   3439.842 0 # matmult_kmn
   937.500   3169.031 0 # matmult_kmn
  1464.844   3141.017 0 # matmult_kmn
  1837.500   3177.370 0 # matmult_kmn
  3750.000   3281.245 0 # matmult_kmn
  8437.500   3357.598 0 # matmult_kmn
 23437.500   3466.212 0 # matmult_kmn
 52734.375   3472.291 0 # matmult_kmn
 93750.000   2535.514 248 # matmult_kmn
146484.375   1896.139 968 # matmult_kmn
170859.375   1867.302 1560 # matmult_kmn
210937.500   1874.706 2752 # matmult_kmn
287109.375   1866.382 8384 # matmult_kmn
375000.000   1874.931 16000 # matmult_kmn

------------------------------------------------------------
Sender: LSF System <lsfadmin@hpc.dtu.dk>
Subject: Job 19864287: <mm_batch> in cluster <dcc> Done

Job <mm_batch> was submitted from host <n-62-30-1> by user <s173394> in cluster <dcc> at Fri Jan  5 15:27:42 2024
Job was executed on host(s) <n-62-21-6>, in queue <hpcintro>, as user <s173394> in cluster <dcc> at Fri Jan  5 15:27:42 2024
</zhome/97/7/126506> was used as the home directory.
</zhome/97/7/126506/02614/assignments/HPC_assignment_1/src> was used as the working directory.
Started at Fri Jan  5 15:27:42 2024
Terminated at Fri Jan  5 15:32:17 2024
Results reported at Fri Jan  5 15:32:17 2024

Your job looked like:

------------------------------------------------------------
# LSBATCH: User input
#!/bin/bash
# 02614 - High-Performance Computing, January 2022
# 
# batch script to run matmult on a decidated server in the hpcintro
# queue
#
# Author: Bernd Dammann <bd@cc.dtu.dk>
#
#BSUB -J mm_batch
#BSUB -o output/kmn_batch_%J.out
#BSUB -q hpcintro
#BSUB -n 1
#BSUB -R "rusage[mem=2048]"
#BSUB -W 20
# uncomment the following line, if you want to assure that your job has
# a whole CPU for itself (shared L3 cache)
# #BSUB -R "span[hosts=1] affinity[socket(1)]"

# define the driver name to use
# valid values: matmult_c.studio, matmult_f.studio, matmult_c.gcc or
# matmult_f.gcc
#
EXECUTABLE=matmult_c.gcc

# define the mkn values in the MKN variable
#
SIZES="10 30 36 50 75 100 150 200 250 280 400 600 1000 1500 2000 2500 2700 3000 3500 4000"

# define the permutation type in PERM
#
PERM="kmn"

# uncomment and set a reasonable BLKSIZE for the blk version
#
# BLKSIZE=1

# enable(1)/disable(0) result checking
export MATMULT_COMPARE=1

# start the collect command with the above settings
for S in $SIZES
do
    ./$EXECUTABLE $PERM $S $S $S $BLKSIZE
done

------------------------------------------------------------

Successfully completed.

Resource usage summary:

    CPU time :                                   274.02 sec.
    Max Memory :                                 390 MB
    Average Memory :                             268.25 MB
    Total Requested Memory :                     2048.00 MB
    Delta Memory :                               1658.00 MB
    Max Swap :                                   -
    Max Processes :                              4
    Max Threads :                                5
    Run time :                                   275 sec.
    Turnaround time :                            275 sec.

The output (if any) is above this job summary.

