     2.344    852.467 0 # matmult_knm
    21.094    853.406 0 # matmult_knm
    30.375   1428.882 0 # matmult_knm
    58.594   1416.869 0 # matmult_knm
   131.836   1436.174 0 # matmult_knm
   234.375   1432.795 0 # matmult_knm
   527.344   1082.308 0 # matmult_knm
   937.500    966.532 0 # matmult_knm
  1464.844    750.661 0 # matmult_knm
  1837.500    559.578 0 # matmult_knm
  3750.000    495.797 0 # matmult_knm
  8437.500    498.155 0 # matmult_knm
 23437.500    396.769 0 # matmult_knm
 52734.375    379.932 0 # matmult_knm
 93750.000    296.820 248 # matmult_knm
146484.375    277.096 968 # matmult_knm
170859.375    273.900 1560 # matmult_knm
210937.500    273.060 2752 # matmult_knm
287109.375    271.223 8384 # matmult_knm
User defined signal 2

------------------------------------------------------------
Sender: LSF System <lsfadmin@hpc.dtu.dk>
Subject: Job 19864282: <mm_batch> in cluster <dcc> Exited

Job <mm_batch> was submitted from host <n-62-30-1> by user <s173394> in cluster <dcc> at Fri Jan  5 15:26:46 2024
Job was executed on host(s) <n-62-21-74>, in queue <hpcintro>, as user <s173394> in cluster <dcc> at Fri Jan  5 15:26:46 2024
</zhome/97/7/126506> was used as the home directory.
</zhome/97/7/126506/02614/assignments/HPC_assignment_1/src> was used as the working directory.
Started at Fri Jan  5 15:26:46 2024
Terminated at Fri Jan  5 15:47:12 2024
Results reported at Fri Jan  5 15:47:12 2024

Your job looked like:

------------------------------------------------------------
# LSBATCH: User input
#!/bin/bash
# 02614 - High-Performance Computing, January 2022
# 
# batch script to run matmult on a decidated server in the hpcintro
# queue
#
# Author: Bernd Dammann <bd@cc.dtu.dk>
#
#BSUB -J mm_batch
#BSUB -o output/knm_batch_%J.out
#BSUB -q hpcintro
#BSUB -n 1
#BSUB -R "rusage[mem=2048]"
#BSUB -W 20
# uncomment the following line, if you want to assure that your job has
# a whole CPU for itself (shared L3 cache)
# #BSUB -R "span[hosts=1] affinity[socket(1)]"

# define the driver name to use
# valid values: matmult_c.studio, matmult_f.studio, matmult_c.gcc or
# matmult_f.gcc
#
EXECUTABLE=matmult_c.gcc

# define the mkn values in the MKN variable
#
SIZES="10 30 36 50 75 100 150 200 250 280 400 600 1000 1500 2000 2500 2700 3000 3500 4000"

# define the permutation type in PERM
#
PERM="knm"

# uncomment and set a reasonable BLKSIZE for the blk version
#
# BLKSIZE=1

# enable(1)/disable(0) result checking
export MATMULT_COMPARE=1

# start the collect command with the above settings
for S in $SIZES
do
    ./$EXECUTABLE $PERM $S $S $S $BLKSIZE
done

------------------------------------------------------------

TERM_RUNLIMIT: job killed after reaching LSF run time limit.
Exited with exit code 140.

Resource usage summary:

    CPU time :                                   1224.00 sec.
    Max Memory :                                 507 MB
    Average Memory :                             372.58 MB
    Total Requested Memory :                     2048.00 MB
    Delta Memory :                               1541.00 MB
    Max Swap :                                   -
    Max Processes :                              4
    Max Threads :                                5
    Run time :                                   1234 sec.
    Turnaround time :                            1226 sec.

The output (if any) is above this job summary.

