     2.344   1105.354 0 # matmult_lib
    21.094   3737.429 0 # matmult_lib
    30.375   3846.929 0 # matmult_lib
    58.594   6247.244 0 # matmult_lib
   234.375   6951.238 0 # matmult_lib
   527.344   7219.605 0 # matmult_lib
   937.500   8201.620 0 # matmult_lib
  1464.844   8180.794 0 # matmult_lib
  1837.500   8316.641 0 # matmult_lib
  3750.000   8403.333 0 # matmult_lib
  8437.500   8455.711 0 # matmult_lib
 23437.500   8464.451 0 # matmult_lib
 52734.375   8476.236 0 # matmult_lib
 93750.000   8456.157 0 # matmult_lib
146484.375   8440.865 0 # matmult_lib
170859.375   8431.025 0 # matmult_lib
210937.500   8485.405 0 # matmult_lib
287109.375   8487.018 0 # matmult_lib
375000.000   8498.033 0 # matmult_lib

------------------------------------------------------------
Sender: LSF System <lsfadmin@hpc.dtu.dk>
Subject: Job 19861163: <mm_batch> in cluster <dcc> Done

Job <mm_batch> was submitted from host <n-62-30-1> by user <s173394> in cluster <dcc> at Fri Jan  5 11:23:31 2024
Job was executed on host(s) <n-62-21-3>, in queue <hpcintro>, as user <s173394> in cluster <dcc> at Fri Jan  5 11:23:32 2024
</zhome/97/7/126506> was used as the home directory.
</zhome/97/7/126506/02614/assignments/HPC_assignment_1/src> was used as the working directory.
Started at Fri Jan  5 11:23:32 2024
Terminated at Fri Jan  5 11:25:40 2024
Results reported at Fri Jan  5 11:25:40 2024

Your job looked like:

------------------------------------------------------------
# LSBATCH: User input
#!/bin/bash
# 02614 - High-Performance Computing, January 2022
# 
# batch script to run matmult on a decidated server in the hpcintro
# queue
#
# Author: Bernd Dammann <bd@cc.dtu.dk>
#
#BSUB -J mm_batch
#BSUB -o output/lib_batch_%J.out
#BSUB -q hpcintro
#BSUB -n 1
#BSUB -R "rusage[mem=2048]"
#BSUB -W 20
# uncomment the following line, if you want to assure that your job has
# a whole CPU for itself (shared L3 cache)
# #BSUB -R "span[hosts=1] affinity[socket(1)]"

# define the driver name to use
# valid values: matmult_c.studio, matmult_f.studio, matmult_c.gcc or
# matmult_f.gcc
#
EXECUTABLE=matmult_c.gcc

# define the mkn values in the MKN variable
#
SIZES="10 30 36 50 100 150 200 250 280 400 600 1000 1500 2000 2500 2700 3000 3500 4000"

# define the permutation type in PERM
#
PERM="lib"

# uncomment and set a reasonable BLKSIZE for the blk version
#
# BLKSIZE=1

# enable(1)/disable(0) result checking
export MATMULT_COMPARE=1

# start the collect command with the above settings
for S in $SIZES
do
    ./$EXECUTABLE $PERM $S $S $S $BLKSIZE
done

------------------------------------------------------------

Successfully completed.

Resource usage summary:

    CPU time :                                   126.85 sec.
    Max Memory :                                 506 MB
    Average Memory :                             380.50 MB
    Total Requested Memory :                     2048.00 MB
    Delta Memory :                               1542.00 MB
    Max Swap :                                   -
    Max Processes :                              4
    Max Threads :                                5
    Run time :                                   128 sec.
    Turnaround time :                            129 sec.

The output (if any) is above this job summary.

