     2.344   1111.551 0 # matmult_lib
    14.648   3387.689 0 # matmult_lib
    58.594   6220.952 0 # matmult_lib
   234.375   6940.068 0 # matmult_lib
   527.344   7226.940 0 # matmult_lib
   937.500   8202.835 0 # matmult_lib
  3750.000   8405.755 0 # matmult_lib
  8437.500   8455.167 0 # matmult_lib
 23437.500   8499.707 0 # matmult_lib
 52734.375   8477.096 0 # matmult_lib
 93750.000   8503.618 0 # matmult_lib
146484.375   8503.980 0 # matmult_lib
210937.500   8518.488 0 # matmult_lib
287109.375   8518.960 0 # matmult_lib
375000.000   8525.739 0 # matmult_lib

------------------------------------------------------------
Sender: LSF System <lsfadmin@hpc.dtu.dk>
Subject: Job 19860627: <mm_batch> in cluster <dcc> Done

Job <mm_batch> was submitted from host <n-62-30-1> by user <s173394> in cluster <dcc> at Fri Jan  5 10:32:06 2024
Job was executed on host(s) <n-62-21-77>, in queue <hpcintro>, as user <s173394> in cluster <dcc> at Fri Jan  5 10:32:07 2024
</zhome/97/7/126506> was used as the home directory.
</zhome/97/7/126506/02614/assignments/HPC_assignment_1/src> was used as the working directory.
Started at Fri Jan  5 10:32:07 2024
Terminated at Fri Jan  5 10:33:56 2024
Results reported at Fri Jan  5 10:33:56 2024

Your job looked like:

------------------------------------------------------------
# LSBATCH: User input
#!/bin/bash
# 02614 - High-Performance Computing, January 2022
# 
# batch script to run matmult on a decidated server in the hpcintro
# queue
#
# Author: Bernd Dammann <bd@cc.dtu.dk>
#
#BSUB -J mm_batch
#BSUB -o output/lib_batch_%J.out
#BSUB -q hpcintro
#BSUB -n 1
#BSUB -R "rusage[mem=2048]"
#BSUB -W 15
# uncomment the following line, if you want to assure that your job has
# a whole CPU for itself (shared L3 cache)
# #BSUB -R "span[hosts=1] affinity[socket(1)]"

# define the driver name to use
# valid values: matmult_c.studio, matmult_f.studio, matmult_c.gcc or
# matmult_f.gcc
#
EXECUTABLE=matmult_c.gcc

# define the mkn values in the MKN variable
#
SIZES="10 25 50 100 150 200 400 600 1000 1500 2000 2500 3000 3500 4000"

# define the permutation type in PERM
#
PERM="lib"

# uncomment and set a reasonable BLKSIZE for the blk version
#
# BLKSIZE=1

# enable(1)/disable(0) result checking
export MATMULT_COMPARE=1

# start the collect command with the above settings
for S in $SIZES
do
    ./$EXECUTABLE $PERM $S $S $S $BLKSIZE
done

------------------------------------------------------------

Successfully completed.

Resource usage summary:

    CPU time :                                   108.02 sec.
    Max Memory :                                 506 MB
    Average Memory :                             338.67 MB
    Total Requested Memory :                     2048.00 MB
    Delta Memory :                               1542.00 MB
    Max Swap :                                   -
    Max Processes :                              4
    Max Threads :                                5
    Run time :                                   108 sec.
    Turnaround time :                            110 sec.

The output (if any) is above this job summary.

