   234.375   6971.145 0 # matmult_lib
   937.500   8205.730 0 # matmult_lib
  5859.375   8367.527 0 # matmult_lib
 23437.500   8485.349 0 # matmult_lib
 52734.375   8480.267 0 # matmult_lib
 93750.000   8512.114 0 # matmult_lib
146484.375   8511.062 0 # matmult_lib
210937.500   8530.132 0 # matmult_lib

------------------------------------------------------------
Sender: LSF System <lsfadmin@hpc.dtu.dk>
Subject: Job 19859276: <mm_batch> in cluster <dcc> Done

Job <mm_batch> was submitted from host <n-62-30-1> by user <s173394> in cluster <dcc> at Fri Jan  5 09:59:46 2024
Job was executed on host(s) <n-62-21-5>, in queue <hpcintro>, as user <s173394> in cluster <dcc> at Fri Jan  5 09:59:46 2024
</zhome/97/7/126506> was used as the home directory.
</zhome/97/7/126506/02614/assignments/HPC_assignment_1/src> was used as the working directory.
Started at Fri Jan  5 09:59:46 2024
Terminated at Fri Jan  5 10:00:30 2024
Results reported at Fri Jan  5 10:00:30 2024

Your job looked like:

------------------------------------------------------------
# LSBATCH: User input
#!/bin/bash
# 02614 - High-Performance Computing, January 2022
# 
# batch script to run matmult on a decidated server in the hpcintro
# queue
#
# Author: Bernd Dammann <bd@cc.dtu.dk>
#
#BSUB -J mm_batch
#BSUB -o output/lib_batch_%J.out
#BSUB -q hpcintro
#BSUB -n 1
#BSUB -R "rusage[mem=2048]"
#BSUB -W 15
# uncomment the following line, if you want to assure that your job has
# a whole CPU for itself (shared L3 cache)
# #BSUB -R "span[hosts=1] affinity[socket(1)]"

# define the driver name to use
# valid values: matmult_c.studio, matmult_f.studio, matmult_c.gcc or
# matmult_f.gcc
#
EXECUTABLE=matmult_c.gcc

# define the mkn values in the MKN variable
#
SIZES="100 200 500 1000 1500 2000 2500 3000"

# define the permutation type in PERM
#
PERM="lib"

# uncomment and set a reasonable BLKSIZE for the blk version
#
# BLKSIZE=1

# enable(1)/disable(0) result checking
export MATMULT_COMPARE=1

# start the collect command with the above settings
for S in $SIZES
do
    ./$EXECUTABLE $PERM $S $S $S $BLKSIZE
done

------------------------------------------------------------

Successfully completed.

Resource usage summary:

    CPU time :                                   42.52 sec.
    Max Memory :                                 78 MB
    Average Memory :                             53.67 MB
    Total Requested Memory :                     2048.00 MB
    Delta Memory :                               1970.00 MB
    Max Swap :                                   -
    Max Processes :                              4
    Max Threads :                                5
    Run time :                                   43 sec.
    Turnaround time :                            44 sec.

The output (if any) is above this job summary.

