     2.344   1093.551 0 # matmult_mkn
    21.094   3221.691 0 # matmult_mkn
    30.375   3424.537 0 # matmult_mkn
    58.594   3695.491 0 # matmult_mkn
   234.375   3453.155 0 # matmult_mkn
   527.344   3685.461 0 # matmult_mkn
   937.500   3752.998 0 # matmult_mkn
  1464.844   3813.255 0 # matmult_mkn
  1837.500   3856.806 0 # matmult_mkn
  3750.000   3946.892 0 # matmult_mkn
  8437.500   4018.197 0 # matmult_mkn
 23437.500   4070.152 0 # matmult_mkn
 52734.375   3500.202 0 # matmult_mkn
 93750.000   2520.575 248 # matmult_mkn
146484.375   2250.757 968 # matmult_mkn
170859.375   2233.821 1560 # matmult_mkn
210937.500   2233.864 2752 # matmult_mkn
287109.375   2175.426 8384 # matmult_mkn
375000.000   2178.709 16000 # matmult_mkn

------------------------------------------------------------
Sender: LSF System <lsfadmin@hpc.dtu.dk>
Subject: Job 19861170: <mm_batch> in cluster <dcc> Done

Job <mm_batch> was submitted from host <n-62-30-1> by user <s173394> in cluster <dcc> at Fri Jan  5 11:23:34 2024
Job was executed on host(s) <n-62-21-3>, in queue <hpcintro>, as user <s173394> in cluster <dcc> at Fri Jan  5 11:23:35 2024
</zhome/97/7/126506> was used as the home directory.
</zhome/97/7/126506/02614/assignments/HPC_assignment_1/src> was used as the working directory.
Started at Fri Jan  5 11:23:35 2024
Terminated at Fri Jan  5 11:27:41 2024
Results reported at Fri Jan  5 11:27:41 2024

Your job looked like:

------------------------------------------------------------
# LSBATCH: User input
#!/bin/bash
# 02614 - High-Performance Computing, January 2022
# 
# batch script to run matmult on a decidated server in the hpcintro
# queue
#
# Author: Bernd Dammann <bd@cc.dtu.dk>
#
#BSUB -J mm_batch
#BSUB -o output/mkn_batch_%J.out
#BSUB -q hpcintro
#BSUB -n 1
#BSUB -R "rusage[mem=2048]"
#BSUB -W 20
# uncomment the following line, if you want to assure that your job has
# a whole CPU for itself (shared L3 cache)
# #BSUB -R "span[hosts=1] affinity[socket(1)]"

# define the driver name to use
# valid values: matmult_c.studio, matmult_f.studio, matmult_c.gcc or
# matmult_f.gcc
#
EXECUTABLE=matmult_c.gcc

# define the mkn values in the MKN variable
#
SIZES="10 30 36 50 100 150 200 250 280 400 600 1000 1500 2000 2500 2700 3000 3500 4000"

# define the permutation type in PERM
#
PERM="mkn"

# uncomment and set a reasonable BLKSIZE for the blk version
#
# BLKSIZE=1

# enable(1)/disable(0) result checking
export MATMULT_COMPARE=1

# start the collect command with the above settings
for S in $SIZES
do
    ./$EXECUTABLE $PERM $S $S $S $BLKSIZE
done

------------------------------------------------------------

Successfully completed.

Resource usage summary:

    CPU time :                                   244.42 sec.
    Max Memory :                                 506 MB
    Average Memory :                             328.25 MB
    Total Requested Memory :                     2048.00 MB
    Delta Memory :                               1542.00 MB
    Max Swap :                                   -
    Max Processes :                              4
    Max Threads :                                5
    Run time :                                   245 sec.
    Turnaround time :                            247 sec.

The output (if any) is above this job summary.

