   234.375   1482.154 0 # matmult_mkn
   937.500   1280.474 0 # matmult_mkn
  5859.375   1108.623 0 # matmult_mkn
 23437.500   1148.728 0 # matmult_mkn
 52734.375   1159.403 0 # matmult_mkn
 93750.000    589.430 248 # matmult_mkn
146484.375    719.114 968 # matmult_mkn
210937.500    636.808 2752 # matmult_mkn

------------------------------------------------------------
Sender: LSF System <lsfadmin@hpc.dtu.dk>
Subject: Job 19855906: <mm_batch> in cluster <dcc> Done

Job <mm_batch> was submitted from host <n-62-27-17> by user <s173394> in cluster <dcc> at Thu Jan  4 15:16:58 2024
Job was executed on host(s) <n-62-21-4>, in queue <hpcintro>, as user <s173394> in cluster <dcc> at Thu Jan  4 15:17:00 2024
</zhome/97/7/126506> was used as the home directory.
</zhome/97/7/126506/02614/assignments/HPC_assignment_1/src> was used as the working directory.
Started at Thu Jan  4 15:17:00 2024
Terminated at Thu Jan  4 15:20:08 2024
Results reported at Thu Jan  4 15:20:08 2024

Your job looked like:

------------------------------------------------------------
# LSBATCH: User input
#!/bin/bash
# 02614 - High-Performance Computing, January 2022
# 
# batch script to run matmult on a decidated server in the hpcintro
# queue
#
# Author: Bernd Dammann <bd@cc.dtu.dk>
#
#BSUB -J mm_batch
#BSUB -o mkn_batch_%J.out
#BSUB -q hpcintro
#BSUB -n 1
#BSUB -R "rusage[mem=2048]"
#BSUB -W 15
# uncomment the following line, if you want to assure that your job has
# a whole CPU for itself (shared L3 cache)
# #BSUB -R "span[hosts=1] affinity[socket(1)]"

# define the driver name to use
# valid values: matmult_c.studio, matmult_f.studio, matmult_c.gcc or
# matmult_f.gcc
#
EXECUTABLE=matmult_c.gcc

# define the mkn values in the MKN variable
#
SIZES="100 200 500 1000 1500 2000 2500 3000"

# define the permutation type in PERM
#
PERM="mkn"

# uncomment and set a reasonable BLKSIZE for the blk version
#
# BLKSIZE=1

# enable(1)/disable(0) result checking
export MATMULT_COMPARE=1

# start the collect command with the above settings
for S in $SIZES
do
    ./$EXECUTABLE $PERM $S $S $S $BLKSIZE
done

------------------------------------------------------------

Successfully completed.

Resource usage summary:

    CPU time :                                   187.50 sec.
    Max Memory :                                 245 MB
    Average Memory :                             193.25 MB
    Total Requested Memory :                     2048.00 MB
    Delta Memory :                               1803.00 MB
    Max Swap :                                   -
    Max Processes :                              4
    Max Threads :                                5
    Run time :                                   188 sec.
    Turnaround time :                            190 sec.

The output (if any) is above this job summary.

