     2.344    959.422 0 # matmult_mnk
    21.094   1475.673 0 # matmult_mnk
    30.375   1500.718 0 # matmult_mnk
    58.594   1468.099 0 # matmult_mnk
   234.375   1473.504 0 # matmult_mnk
   527.344   1411.233 0 # matmult_mnk
   937.500   1272.792 0 # matmult_mnk
  1464.844   1243.089 0 # matmult_mnk
  1837.500   1241.033 0 # matmult_mnk
  3750.000   1096.083 0 # matmult_mnk
  8437.500   1080.377 0 # matmult_mnk
 23437.500    939.954 0 # matmult_mnk
 52734.375    705.881 0 # matmult_mnk
 93750.000    534.039 248 # matmult_mnk
146484.375    672.826 968 # matmult_mnk
170859.375    668.682 1560 # matmult_mnk
210937.500    638.991 2752 # matmult_mnk
287109.375    517.442 8384 # matmult_mnk
375000.000    475.063 16000 # matmult_mnk

------------------------------------------------------------
Sender: LSF System <lsfadmin@hpc.dtu.dk>
Subject: Job 19861179: <mm_batch> in cluster <dcc> Done

Job <mm_batch> was submitted from host <n-62-30-1> by user <s173394> in cluster <dcc> at Fri Jan  5 11:23:39 2024
Job was executed on host(s) <n-62-21-3>, in queue <hpcintro>, as user <s173394> in cluster <dcc> at Fri Jan  5 11:23:39 2024
</zhome/97/7/126506> was used as the home directory.
</zhome/97/7/126506/02614/assignments/HPC_assignment_1/src> was used as the working directory.
Started at Fri Jan  5 11:23:39 2024
Terminated at Fri Jan  5 11:36:07 2024
Results reported at Fri Jan  5 11:36:07 2024

Your job looked like:

------------------------------------------------------------
# LSBATCH: User input
#!/bin/bash
# 02614 - High-Performance Computing, January 2022
# 
# batch script to run matmult on a decidated server in the hpcintro
# queue
#
# Author: Bernd Dammann <bd@cc.dtu.dk>
#
#BSUB -J mm_batch
#BSUB -o output/mnk_batch_%J.out
#BSUB -q hpcintro
#BSUB -n 1
#BSUB -R "rusage[mem=2048]"
#BSUB -W 20
# uncomment the following line, if you want to assure that your job has
# a whole CPU for itself (shared L3 cache)
# #BSUB -R "span[hosts=1] affinity[socket(1)]"

# define the driver name to use
# valid values: matmult_c.studio, matmult_f.studio, matmult_c.gcc or
# matmult_f.gcc
#
EXECUTABLE=matmult_c.gcc

# define the mkn values in the MKN variable
#
SIZES="10 30 36 50 100 150 200 250 280 400 600 1000 1500 2000 2500 2700 3000 3500 4000"

# define the permutation type in PERM
#
PERM="mnk"

# uncomment and set a reasonable BLKSIZE for the blk version
#
# BLKSIZE=1

# enable(1)/disable(0) result checking
export MATMULT_COMPARE=1

# start the collect command with the above settings
for S in $SIZES
do
    ./$EXECUTABLE $PERM $S $S $S $BLKSIZE
done

------------------------------------------------------------

Successfully completed.

Resource usage summary:

    CPU time :                                   746.40 sec.
    Max Memory :                                 506 MB
    Average Memory :                             386.86 MB
    Total Requested Memory :                     2048.00 MB
    Delta Memory :                               1542.00 MB
    Max Swap :                                   -
    Max Processes :                              4
    Max Threads :                                5
    Run time :                                   748 sec.
    Turnaround time :                            748 sec.

The output (if any) is above this job summary.

