   234.375   1482.000 0 # matmult_mnk
   937.500   1278.916 0 # matmult_mnk
  5859.375   1108.628 0 # matmult_mnk
 23437.500   1147.509 0 # matmult_mnk
 52734.375   1162.953 0 # matmult_mnk
 93750.000    580.700 248 # matmult_mnk
146484.375    721.953 968 # matmult_mnk
210937.500    666.261 2752 # matmult_mnk

------------------------------------------------------------
Sender: LSF System <lsfadmin@hpc.dtu.dk>
Subject: Job 19855907: <mm_batch> in cluster <dcc> Done

Job <mm_batch> was submitted from host <n-62-27-17> by user <s173394> in cluster <dcc> at Thu Jan  4 15:17:02 2024
Job was executed on host(s) <n-62-21-75>, in queue <hpcintro>, as user <s173394> in cluster <dcc> at Thu Jan  4 15:17:04 2024
</zhome/97/7/126506> was used as the home directory.
</zhome/97/7/126506/02614/assignments/HPC_assignment_1/src> was used as the working directory.
Started at Thu Jan  4 15:17:04 2024
Terminated at Thu Jan  4 15:20:09 2024
Results reported at Thu Jan  4 15:20:09 2024

Your job looked like:

------------------------------------------------------------
# LSBATCH: User input
#!/bin/bash
# 02614 - High-Performance Computing, January 2022
# 
# batch script to run matmult on a decidated server in the hpcintro
# queue
#
# Author: Bernd Dammann <bd@cc.dtu.dk>
#
#BSUB -J mm_batch
#BSUB -o mnk_batch_%J.out
#BSUB -q hpcintro
#BSUB -n 1
#BSUB -R "rusage[mem=2048]"
#BSUB -W 15
# uncomment the following line, if you want to assure that your job has
# a whole CPU for itself (shared L3 cache)
# #BSUB -R "span[hosts=1] affinity[socket(1)]"

# define the driver name to use
# valid values: matmult_c.studio, matmult_f.studio, matmult_c.gcc or
# matmult_f.gcc
#
EXECUTABLE=matmult_c.gcc

# define the mkn values in the MKN variable
#
SIZES="100 200 500 1000 1500 2000 2500 3000"

# define the permutation type in PERM
#
PERM="mnk"

# uncomment and set a reasonable BLKSIZE for the blk version
#
# BLKSIZE=1

# enable(1)/disable(0) result checking
export MATMULT_COMPARE=1

# start the collect command with the above settings
for S in $SIZES
do
    ./$EXECUTABLE $PERM $S $S $S $BLKSIZE
done

------------------------------------------------------------

Successfully completed.

Resource usage summary:

    CPU time :                                   183.95 sec.
    Max Memory :                                 247 MB
    Average Memory :                             194.75 MB
    Total Requested Memory :                     2048.00 MB
    Delta Memory :                               1801.00 MB
    Max Swap :                                   -
    Max Processes :                              4
    Max Threads :                                5
    Run time :                                   184 sec.
    Turnaround time :                            187 sec.

The output (if any) is above this job summary.

