   234.375   1416.297 0 # matmult_nkm
   937.500    988.313 0 # matmult_nkm
  5859.375    501.272 0 # matmult_nkm
 23437.500    448.116 0 # matmult_nkm
 52734.375    399.643 0 # matmult_nkm
 93750.000    306.865 248 # matmult_nkm
146484.375    272.842 968 # matmult_nkm
210937.500    267.074 2752 # matmult_nkm

------------------------------------------------------------
Sender: LSF System <lsfadmin@hpc.dtu.dk>
Subject: Job 19859258: <mm_batch> in cluster <dcc> Done

Job <mm_batch> was submitted from host <n-62-30-1> by user <s173394> in cluster <dcc> at Fri Jan  5 09:55:27 2024
Job was executed on host(s) <n-62-21-1>, in queue <hpcintro>, as user <s173394> in cluster <dcc> at Fri Jan  5 09:55:27 2024
</zhome/97/7/126506> was used as the home directory.
</zhome/97/7/126506/02614/assignments/HPC_assignment_1/src> was used as the working directory.
Started at Fri Jan  5 09:55:27 2024
Terminated at Fri Jan  5 10:02:21 2024
Results reported at Fri Jan  5 10:02:21 2024

Your job looked like:

------------------------------------------------------------
# LSBATCH: User input
#!/bin/bash
# 02614 - High-Performance Computing, January 2022
# 
# batch script to run matmult on a decidated server in the hpcintro
# queue
#
# Author: Bernd Dammann <bd@cc.dtu.dk>
#
#BSUB -J mm_batch
#BSUB -o output/nkm_batch_%J.out
#BSUB -q hpcintro
#BSUB -n 1
#BSUB -R "rusage[mem=2048]"
#BSUB -W 15
# uncomment the following line, if you want to assure that your job has
# a whole CPU for itself (shared L3 cache)
# #BSUB -R "span[hosts=1] affinity[socket(1)]"

# define the driver name to use
# valid values: matmult_c.studio, matmult_f.studio, matmult_c.gcc or
# matmult_f.gcc
#
EXECUTABLE=matmult_c.gcc

# define the mkn values in the MKN variable
#
SIZES="100 200 500 1000 1500 2000 2500 3000"

# define the permutation type in PERM
#
PERM="nkm"

# uncomment and set a reasonable BLKSIZE for the blk version
#
# BLKSIZE=1

# enable(1)/disable(0) result checking
export MATMULT_COMPARE=1

# start the collect command with the above settings
for S in $SIZES
do
    ./$EXECUTABLE $PERM $S $S $S $BLKSIZE
done

------------------------------------------------------------

Successfully completed.

Resource usage summary:

    CPU time :                                   413.59 sec.
    Max Memory :                                 289 MB
    Average Memory :                             221.80 MB
    Total Requested Memory :                     2048.00 MB
    Delta Memory :                               1759.00 MB
    Max Swap :                                   -
    Max Processes :                              4
    Max Threads :                                5
    Run time :                                   414 sec.
    Turnaround time :                            414 sec.

The output (if any) is above this job summary.

