   234.375   1481.592 0 # matmult_nkm
   937.500   1289.529 0 # matmult_nkm
  5859.375   1102.900 0 # matmult_nkm
 23437.500   1145.375 0 # matmult_nkm
 52734.375   1154.492 0 # matmult_nkm
 93750.000    689.382 248 # matmult_nkm
146484.375    731.486 968 # matmult_nkm
210937.500    670.721 2752 # matmult_nkm

------------------------------------------------------------
Sender: LSF System <lsfadmin@hpc.dtu.dk>
Subject: Job 19855908: <mm_batch> in cluster <dcc> Done

Job <mm_batch> was submitted from host <n-62-27-17> by user <s173394> in cluster <dcc> at Thu Jan  4 15:17:06 2024
Job was executed on host(s) <n-62-21-3>, in queue <hpcintro>, as user <s173394> in cluster <dcc> at Thu Jan  4 15:17:08 2024
</zhome/97/7/126506> was used as the home directory.
</zhome/97/7/126506/02614/assignments/HPC_assignment_1/src> was used as the working directory.
Started at Thu Jan  4 15:17:08 2024
Terminated at Thu Jan  4 15:20:08 2024
Results reported at Thu Jan  4 15:20:08 2024

Your job looked like:

------------------------------------------------------------
# LSBATCH: User input
#!/bin/bash
# 02614 - High-Performance Computing, January 2022
# 
# batch script to run matmult on a decidated server in the hpcintro
# queue
#
# Author: Bernd Dammann <bd@cc.dtu.dk>
#
#BSUB -J mm_batch
#BSUB -o nkm_batch_%J.out
#BSUB -q hpcintro
#BSUB -n 1
#BSUB -R "rusage[mem=2048]"
#BSUB -W 15
# uncomment the following line, if you want to assure that your job has
# a whole CPU for itself (shared L3 cache)
# #BSUB -R "span[hosts=1] affinity[socket(1)]"

# define the driver name to use
# valid values: matmult_c.studio, matmult_f.studio, matmult_c.gcc or
# matmult_f.gcc
#
EXECUTABLE=matmult_c.gcc

# define the mkn values in the MKN variable
#
SIZES="100 200 500 1000 1500 2000 2500 3000"

# define the permutation type in PERM
#
PERM="nkm"

# uncomment and set a reasonable BLKSIZE for the blk version
#
# BLKSIZE=1

# enable(1)/disable(0) result checking
export MATMULT_COMPARE=1

# start the collect command with the above settings
for S in $SIZES
do
    ./$EXECUTABLE $PERM $S $S $S $BLKSIZE
done

------------------------------------------------------------

Successfully completed.

Resource usage summary:

    CPU time :                                   178.57 sec.
    Max Memory :                                 250 MB
    Average Memory :                             197.00 MB
    Total Requested Memory :                     2048.00 MB
    Delta Memory :                               1798.00 MB
    Max Swap :                                   -
    Max Processes :                              4
    Max Threads :                                5
    Run time :                                   179 sec.
    Turnaround time :                            182 sec.

The output (if any) is above this job summary.

