     2.344    807.176 0 # matmult_nkm
    21.094   1473.467 0 # matmult_nkm
    30.375   1355.423 0 # matmult_nkm
    58.594   1349.095 0 # matmult_nkm
   234.375   1412.644 0 # matmult_nkm
   527.344   1063.405 0 # matmult_nkm
   937.500    987.647 0 # matmult_nkm
  1464.844    748.559 0 # matmult_nkm
  1837.500    571.239 0 # matmult_nkm
  3750.000    503.396 0 # matmult_nkm
  8437.500    479.620 0 # matmult_nkm
 23437.500    415.060 0 # matmult_nkm
 52734.375    379.356 0 # matmult_nkm
 93750.000    291.787 248 # matmult_nkm
146484.375    266.701 968 # matmult_nkm
170859.375    265.357 1560 # matmult_nkm
210937.500    264.634 2752 # matmult_nkm
287109.375    259.372 8384 # matmult_nkm
User defined signal 2

------------------------------------------------------------
Sender: LSF System <lsfadmin@hpc.dtu.dk>
Subject: Job 19861188: <mm_batch> in cluster <dcc> Exited

Job <mm_batch> was submitted from host <n-62-30-1> by user <s173394> in cluster <dcc> at Fri Jan  5 11:23:43 2024
Job was executed on host(s) <n-62-21-3>, in queue <hpcintro>, as user <s173394> in cluster <dcc> at Fri Jan  5 11:23:44 2024
</zhome/97/7/126506> was used as the home directory.
</zhome/97/7/126506/02614/assignments/HPC_assignment_1/src> was used as the working directory.
Started at Fri Jan  5 11:23:44 2024
Terminated at Fri Jan  5 11:45:29 2024
Results reported at Fri Jan  5 11:45:29 2024

Your job looked like:

------------------------------------------------------------
# LSBATCH: User input
#!/bin/bash
# 02614 - High-Performance Computing, January 2022
# 
# batch script to run matmult on a decidated server in the hpcintro
# queue
#
# Author: Bernd Dammann <bd@cc.dtu.dk>
#
#BSUB -J mm_batch
#BSUB -o output/nkm_batch_%J.out
#BSUB -q hpcintro
#BSUB -n 1
#BSUB -R "rusage[mem=2048]"
#BSUB -W 20
# uncomment the following line, if you want to assure that your job has
# a whole CPU for itself (shared L3 cache)
# #BSUB -R "span[hosts=1] affinity[socket(1)]"

# define the driver name to use
# valid values: matmult_c.studio, matmult_f.studio, matmult_c.gcc or
# matmult_f.gcc
#
EXECUTABLE=matmult_c.gcc

# define the mkn values in the MKN variable
#
SIZES="10 30 36 50 100 150 200 250 280 400 600 1000 1500 2000 2500 2700 3000 3500 4000"

# define the permutation type in PERM
#
PERM="nkm"

# uncomment and set a reasonable BLKSIZE for the blk version
#
# BLKSIZE=1

# enable(1)/disable(0) result checking
export MATMULT_COMPARE=1

# start the collect command with the above settings
for S in $SIZES
do
    ./$EXECUTABLE $PERM $S $S $S $BLKSIZE
done

------------------------------------------------------------

TERM_RUNLIMIT: job killed after reaching LSF run time limit.
Exited with exit code 140.

Resource usage summary:

    CPU time :                                   1304.00 sec.
    Max Memory :                                 506 MB
    Average Memory :                             379.92 MB
    Total Requested Memory :                     2048.00 MB
    Delta Memory :                               1542.00 MB
    Max Swap :                                   -
    Max Processes :                              4
    Max Threads :                                5
    Run time :                                   1304 sec.
    Turnaround time :                            1306 sec.

The output (if any) is above this job summary.

