     2.344    939.196 0 # matmult_nmk
    21.094   1437.010 0 # matmult_nmk
    30.375   1491.412 0 # matmult_nmk
    58.594   1467.890 0 # matmult_nmk
   131.836   1523.862 0 # matmult_nmk
   234.375   1477.086 0 # matmult_nmk
   527.344   1420.920 0 # matmult_nmk
   937.500   1314.797 0 # matmult_nmk
  1464.844   1358.043 0 # matmult_nmk
  1837.500   1322.723 0 # matmult_nmk
  3750.000   1161.772 0 # matmult_nmk
  8437.500   1162.817 0 # matmult_nmk
 23437.500   1240.377 0 # matmult_nmk
 52734.375   1207.605 0 # matmult_nmk
 93750.000    527.753 248 # matmult_nmk
146484.375    937.523 968 # matmult_nmk
170859.375    855.153 1560 # matmult_nmk
210937.500    785.048 2752 # matmult_nmk
287109.375    493.596 8384 # matmult_nmk
375000.000    452.400 16000 # matmult_nmk

------------------------------------------------------------
Sender: LSF System <lsfadmin@hpc.dtu.dk>
Subject: Job 19864286: <mm_batch> in cluster <dcc> Done

Job <mm_batch> was submitted from host <n-62-30-1> by user <s173394> in cluster <dcc> at Fri Jan  5 15:27:10 2024
Job was executed on host(s) <n-62-21-77>, in queue <hpcintro>, as user <s173394> in cluster <dcc> at Fri Jan  5 15:27:10 2024
</zhome/97/7/126506> was used as the home directory.
</zhome/97/7/126506/02614/assignments/HPC_assignment_1/src> was used as the working directory.
Started at Fri Jan  5 15:27:10 2024
Terminated at Fri Jan  5 15:39:17 2024
Results reported at Fri Jan  5 15:39:17 2024

Your job looked like:

------------------------------------------------------------
# LSBATCH: User input
#!/bin/bash
# 02614 - High-Performance Computing, January 2022
# 
# batch script to run matmult on a decidated server in the hpcintro
# queue
#
# Author: Bernd Dammann <bd@cc.dtu.dk>
#
#BSUB -J mm_batch
#BSUB -o output/nmk_batch_%J.out
#BSUB -q hpcintro
#BSUB -n 1
#BSUB -R "rusage[mem=2048]"
#BSUB -W 20
# uncomment the following line, if you want to assure that your job has
# a whole CPU for itself (shared L3 cache)
# #BSUB -R "span[hosts=1] affinity[socket(1)]"

# define the driver name to use
# valid values: matmult_c.studio, matmult_f.studio, matmult_c.gcc or
# matmult_f.gcc
#
EXECUTABLE=matmult_c.gcc

# define the mkn values in the MKN variable
#
SIZES="10 30 36 50 75 100 150 200 250 280 400 600 1000 1500 2000 2500 2700 3000 3500 4000"

# define the permutation type in PERM
#
PERM="nmk"

# uncomment and set a reasonable BLKSIZE for the blk version
#
# BLKSIZE=1

# enable(1)/disable(0) result checking
export MATMULT_COMPARE=1

# start the collect command with the above settings
for S in $SIZES
do
    ./$EXECUTABLE $PERM $S $S $S $BLKSIZE
done

------------------------------------------------------------

Successfully completed.

Resource usage summary:

    CPU time :                                   724.59 sec.
    Max Memory :                                 506 MB
    Average Memory :                             386.71 MB
    Total Requested Memory :                     2048.00 MB
    Delta Memory :                               1542.00 MB
    Max Swap :                                   -
    Max Processes :                              4
    Max Threads :                                5
    Run time :                                   726 sec.
    Turnaround time :                            727 sec.

The output (if any) is above this job summary.

