     2.344    941.226 0 # matmult_nmk
    14.648   1670.866 0 # matmult_nmk
    58.594   1463.368 0 # matmult_nmk
   234.375   1479.321 0 # matmult_nmk
   527.344   1398.070 0 # matmult_nmk
   937.500   1321.934 0 # matmult_nmk
  3750.000   1160.318 0 # matmult_nmk
  8437.500   1203.153 0 # matmult_nmk
 23437.500   1240.130 0 # matmult_nmk
 52734.375   1251.831 0 # matmult_nmk
 93750.000    539.740 248 # matmult_nmk
146484.375    980.213 968 # matmult_nmk
210937.500    730.679 2752 # matmult_nmk
287109.375    498.278 8384 # matmult_nmk
375000.000    459.736 16000 # matmult_nmk

------------------------------------------------------------
Sender: LSF System <lsfadmin@hpc.dtu.dk>
Subject: Job 19860694: <mm_batch> in cluster <dcc> Done

Job <mm_batch> was submitted from host <n-62-30-1> by user <s173394> in cluster <dcc> at Fri Jan  5 10:32:24 2024
Job was executed on host(s) <n-62-21-77>, in queue <hpcintro>, as user <s173394> in cluster <dcc> at Fri Jan  5 10:32:25 2024
</zhome/97/7/126506> was used as the home directory.
</zhome/97/7/126506/02614/assignments/HPC_assignment_1/src> was used as the working directory.
Started at Fri Jan  5 10:32:25 2024
Terminated at Fri Jan  5 10:43:24 2024
Results reported at Fri Jan  5 10:43:24 2024

Your job looked like:

------------------------------------------------------------
# LSBATCH: User input
#!/bin/bash
# 02614 - High-Performance Computing, January 2022
# 
# batch script to run matmult on a decidated server in the hpcintro
# queue
#
# Author: Bernd Dammann <bd@cc.dtu.dk>
#
#BSUB -J mm_batch
#BSUB -o output/nmk_batch_%J.out
#BSUB -q hpcintro
#BSUB -n 1
#BSUB -R "rusage[mem=2048]"
#BSUB -W 15
# uncomment the following line, if you want to assure that your job has
# a whole CPU for itself (shared L3 cache)
# #BSUB -R "span[hosts=1] affinity[socket(1)]"

# define the driver name to use
# valid values: matmult_c.studio, matmult_f.studio, matmult_c.gcc or
# matmult_f.gcc
#
EXECUTABLE=matmult_c.gcc

# define the mkn values in the MKN variable
#
SIZES="10 25 50 100 150 200 400 600 1000 1500 2000 2500 3000 3500 4000"

# define the permutation type in PERM
#
PERM="nmk"

# uncomment and set a reasonable BLKSIZE for the blk version
#
# BLKSIZE=1

# enable(1)/disable(0) result checking
export MATMULT_COMPARE=1

# start the collect command with the above settings
for S in $SIZES
do
    ./$EXECUTABLE $PERM $S $S $S $BLKSIZE
done

------------------------------------------------------------

Successfully completed.

Resource usage summary:

    CPU time :                                   658.23 sec.
    Max Memory :                                 506 MB
    Average Memory :                             384.00 MB
    Total Requested Memory :                     2048.00 MB
    Delta Memory :                               1542.00 MB
    Max Swap :                                   -
    Max Processes :                              4
    Max Threads :                                5
    Run time :                                   658 sec.
    Turnaround time :                            660 sec.

The output (if any) is above this job summary.

