Loaded module: gcc/10.3.0-binutils-2.36.1
Loaded module: gprofng/2.41.50
     2.344    876.180 0 # matmult_blk 16
    21.094   1419.343 0 # matmult_blk 16
    30.375   1400.846 0 # matmult_blk 16
    58.594   1402.629 0 # matmult_blk 16
   131.836   1454.027 0 # matmult_blk 16
   234.375   1460.486 0 # matmult_blk 16
   527.344   1472.327 0 # matmult_blk 16
   937.500   1466.465 0 # matmult_blk 16
  1464.844   1468.521 0 # matmult_blk 16
  1837.500   1465.454 0 # matmult_blk 16
  3750.000   1469.521 0 # matmult_blk 16
  8437.500   1467.307 0 # matmult_blk 16
 23437.500   1470.179 0 # matmult_blk 16
 52734.375   1470.003 0 # matmult_blk 16
 93750.000   1477.392 248 # matmult_blk 16
146484.375   1476.581 968 # matmult_blk 16
170859.375   1483.582 1560 # matmult_blk 16
210937.500   1483.186 2752 # matmult_blk 16
287109.375   1486.059 8384 # matmult_blk 16
375000.000   1486.481 16000 # matmult_blk 16

------------------------------------------------------------
Sender: LSF System <lsfadmin@hpc.dtu.dk>
Subject: Job 19865841: <NONAME> in cluster <dcc> Done

Job <NONAME> was submitted from host <n-62-30-5> by user <s233091> in cluster <dcc> at Sat Jan  6 11:20:56 2024
Job was executed on host(s) <n-62-31-3>, in queue <hpc>, as user <s233091> in cluster <dcc> at Sat Jan  6 11:20:56 2024
</zhome/c7/f/203083> was used as the home directory.
</zhome/c7/f/203083/02614/HPC_assignment_1/src> was used as the working directory.
Started at Sat Jan  6 11:20:56 2024
Terminated at Sat Jan  6 11:26:18 2024
Results reported at Sat Jan  6 11:26:18 2024

Your job looked like:

------------------------------------------------------------
# LSBATCH: User input
./mm_batch_blk.sub 16
------------------------------------------------------------

Successfully completed.

Resource usage summary:

    CPU time :                                   321.56 sec.
    Max Memory :                                 506 MB
    Average Memory :                             350.25 MB
    Total Requested Memory :                     1024.00 MB
    Delta Memory :                               518.00 MB
    Max Swap :                                   -
    Max Processes :                              4
    Max Threads :                                5
    Run time :                                   419 sec.
    Turnaround time :                            322 sec.

The output (if any) is above this job summary.

