Loaded module: gcc/10.3.0-binutils-2.36.1
Loaded module: gprofng/2.41.50
     2.344    873.223 0 # matmult_blk 64
    21.094   1551.614 0 # matmult_blk 64
    30.375   1574.079 0 # matmult_blk 64
    58.594   1623.663 0 # matmult_blk 64
   131.836   1615.890 0 # matmult_blk 64
   234.375   1643.025 0 # matmult_blk 64
   527.344   1640.755 0 # matmult_blk 64
   937.500   1644.324 0 # matmult_blk 64
  1464.844   1650.107 0 # matmult_blk 64
  1837.500   1636.645 0 # matmult_blk 64
  3750.000   1627.992 0 # matmult_blk 64
  8437.500   1609.049 0 # matmult_blk 64
 23437.500   1600.982 0 # matmult_blk 64
 52734.375   1608.944 0 # matmult_blk 64
 93750.000   1617.408 248 # matmult_blk 64
146484.375   1617.658 968 # matmult_blk 64
170859.375   1620.140 1560 # matmult_blk 64
210937.500   1637.231 2752 # matmult_blk 64
287109.375   1626.824 8384 # matmult_blk 64
375000.000   1631.379 16000 # matmult_blk 64

------------------------------------------------------------
Sender: LSF System <lsfadmin@hpc.dtu.dk>
Subject: Job 19865843: <NONAME> in cluster <dcc> Done

Job <NONAME> was submitted from host <n-62-30-5> by user <s233091> in cluster <dcc> at Sat Jan  6 11:20:56 2024
Job was executed on host(s) <n-62-31-3>, in queue <hpc>, as user <s233091> in cluster <dcc> at Sat Jan  6 11:20:57 2024
</zhome/c7/f/203083> was used as the home directory.
</zhome/c7/f/203083/02614/HPC_assignment_1/src> was used as the working directory.
Started at Sat Jan  6 11:20:57 2024
Terminated at Sat Jan  6 11:26:02 2024
Results reported at Sat Jan  6 11:26:02 2024

Your job looked like:

------------------------------------------------------------
# LSBATCH: User input
./mm_batch_blk.sub 64
------------------------------------------------------------

Successfully completed.

Resource usage summary:

    CPU time :                                   300.10 sec.
    Max Memory :                                 506 MB
    Average Memory :                             350.00 MB
    Total Requested Memory :                     1024.00 MB
    Delta Memory :                               518.00 MB
    Max Swap :                                   -
    Max Processes :                              4
    Max Threads :                                5
    Run time :                                   402 sec.
    Turnaround time :                            306 sec.

The output (if any) is above this job summary.

