Loaded module: gcc/10.3.0-binutils-2.36.1
Loaded module: gprofng/2.41.50
     2.344    874.051 0 # matmult_blk 32
    21.094   1551.517 0 # matmult_blk 32
    30.375   1488.183 0 # matmult_blk 32
    58.594   1552.638 0 # matmult_blk 32
   131.836   1565.755 0 # matmult_blk 32
   234.375   1570.095 0 # matmult_blk 32
   527.344   1599.219 0 # matmult_blk 32
   937.500   1592.137 0 # matmult_blk 32
  1464.844   1597.613 0 # matmult_blk 32
  1837.500   1593.752 0 # matmult_blk 32
  3750.000   1570.243 0 # matmult_blk 32
  8437.500   1553.145 0 # matmult_blk 32
 23437.500   1537.031 0 # matmult_blk 32
 52734.375   1524.931 0 # matmult_blk 32
 93750.000   1516.622 248 # matmult_blk 32
146484.375   1524.166 968 # matmult_blk 32
170859.375   1539.069 1560 # matmult_blk 32
210937.500   1547.186 2752 # matmult_blk 32
287109.375   1540.260 8384 # matmult_blk 32
375000.000   1536.051 16000 # matmult_blk 32

------------------------------------------------------------
Sender: LSF System <lsfadmin@hpc.dtu.dk>
Subject: Job 19865842: <NONAME> in cluster <dcc> Done

Job <NONAME> was submitted from host <n-62-30-5> by user <s233091> in cluster <dcc> at Sat Jan  6 11:20:56 2024
Job was executed on host(s) <n-62-31-3>, in queue <hpc>, as user <s233091> in cluster <dcc> at Sat Jan  6 11:20:57 2024
</zhome/c7/f/203083> was used as the home directory.
</zhome/c7/f/203083/02614/HPC_assignment_1/src> was used as the working directory.
Started at Sat Jan  6 11:20:57 2024
Terminated at Sat Jan  6 11:26:15 2024
Results reported at Sat Jan  6 11:26:15 2024

Your job looked like:

------------------------------------------------------------
# LSBATCH: User input
./mm_batch_blk.sub 32
------------------------------------------------------------

Successfully completed.

Resource usage summary:

    CPU time :                                   312.95 sec.
    Max Memory :                                 589 MB
    Average Memory :                             433.00 MB
    Total Requested Memory :                     1024.00 MB
    Delta Memory :                               435.00 MB
    Max Swap :                                   -
    Max Processes :                              4
    Max Threads :                                5
    Run time :                                   415 sec.
    Turnaround time :                            319 sec.

The output (if any) is above this job summary.

