Loaded module: gcc/10.3.0-binutils-2.36.1
Loaded module: gprofng/2.41.50
     2.344    874.768 0 # matmult_blk 1024
    21.094   1553.814 0 # matmult_blk 1024
    30.375   1591.769 0 # matmult_blk 1024
    58.594   1633.759 0 # matmult_blk 1024
   131.836   1484.476 0 # matmult_blk 1024
   234.375   1534.881 0 # matmult_blk 1024
   527.344   1593.353 0 # matmult_blk 1024
   937.500   1624.237 0 # matmult_blk 1024
  1464.844   1635.882 0 # matmult_blk 1024
  1837.500   1639.648 0 # matmult_blk 1024
  3750.000   1658.891 0 # matmult_blk 1024
  8437.500   1679.335 0 # matmult_blk 1024
 23437.500   1504.716 0 # matmult_blk 1024
 52734.375   1506.428 0 # matmult_blk 1024
 93750.000   1390.286 248 # matmult_blk 1024
146484.375   1449.096 968 # matmult_blk 1024
170859.375   1415.594 1560 # matmult_blk 1024
210937.500   1478.648 2752 # matmult_blk 1024
287109.375   1487.353 8384 # matmult_blk 1024
375000.000   1466.836 16000 # matmult_blk 1024

------------------------------------------------------------
Sender: LSF System <lsfadmin@hpc.dtu.dk>
Subject: Job 19865847: <NONAME> in cluster <dcc> Done

Job <NONAME> was submitted from host <n-62-30-5> by user <s233091> in cluster <dcc> at Sat Jan  6 11:20:57 2024
Job was executed on host(s) <n-62-31-3>, in queue <hpc>, as user <s233091> in cluster <dcc> at Sat Jan  6 11:21:00 2024
</zhome/c7/f/203083> was used as the home directory.
</zhome/c7/f/203083/02614/HPC_assignment_1/src> was used as the working directory.
Started at Sat Jan  6 11:21:00 2024
Terminated at Sat Jan  6 11:26:27 2024
Results reported at Sat Jan  6 11:26:27 2024

Your job looked like:

------------------------------------------------------------
# LSBATCH: User input
./mm_batch_blk.sub 1024
------------------------------------------------------------

Successfully completed.

Resource usage summary:

    CPU time :                                   325.17 sec.
    Max Memory :                                 506 MB
    Average Memory :                             351.50 MB
    Total Requested Memory :                     1024.00 MB
    Delta Memory :                               518.00 MB
    Max Swap :                                   -
    Max Processes :                              4
    Max Threads :                                5
    Run time :                                   428 sec.
    Turnaround time :                            330 sec.

The output (if any) is above this job summary.

