Loaded module: gcc/10.3.0-binutils-2.36.1
Loaded module: gprofng/2.41.50
     2.344    877.697 0 # matmult_blk 256
    21.094   1552.198 0 # matmult_blk 256
    30.375   1584.419 0 # matmult_blk 256
    58.594   1629.950 0 # matmult_blk 256
   131.836   1482.899 0 # matmult_blk 256
   234.375   1526.703 0 # matmult_blk 256
   527.344   1584.078 0 # matmult_blk 256
   937.500   1614.114 0 # matmult_blk 256
  1464.844   1629.569 0 # matmult_blk 256
  1837.500   1622.358 0 # matmult_blk 256
  3750.000   1601.696 0 # matmult_blk 256
  8437.500   1596.467 0 # matmult_blk 256
 23437.500   1622.209 0 # matmult_blk 256
 52734.375   1622.905 0 # matmult_blk 256
 93750.000   1626.501 248 # matmult_blk 256
146484.375   1628.512 968 # matmult_blk 256
170859.375   1629.294 1560 # matmult_blk 256
210937.500   1636.767 2752 # matmult_blk 256
287109.375   1635.933 8384 # matmult_blk 256
375000.000   1637.176 16000 # matmult_blk 256

------------------------------------------------------------
Sender: LSF System <lsfadmin@hpc.dtu.dk>
Subject: Job 19865845: <NONAME> in cluster <dcc> Done

Job <NONAME> was submitted from host <n-62-30-5> by user <s233091> in cluster <dcc> at Sat Jan  6 11:20:57 2024
Job was executed on host(s) <n-62-31-3>, in queue <hpc>, as user <s233091> in cluster <dcc> at Sat Jan  6 11:20:57 2024
</zhome/c7/f/203083> was used as the home directory.
</zhome/c7/f/203083/02614/HPC_assignment_1/src> was used as the working directory.
Started at Sat Jan  6 11:20:57 2024
Terminated at Sat Jan  6 11:26:01 2024
Results reported at Sat Jan  6 11:26:01 2024

Your job looked like:

------------------------------------------------------------
# LSBATCH: User input
./mm_batch_blk.sub 256
------------------------------------------------------------

Successfully completed.

Resource usage summary:

    CPU time :                                   298.96 sec.
    Max Memory :                                 506 MB
    Average Memory :                             380.50 MB
    Total Requested Memory :                     1024.00 MB
    Delta Memory :                               518.00 MB
    Max Swap :                                   -
    Max Processes :                              4
    Max Threads :                                5
    Run time :                                   401 sec.
    Turnaround time :                            304 sec.

The output (if any) is above this job summary.

