Loaded module: gcc/10.3.0-binutils-2.36.1
Loaded module: gprofng/2.41.50
     2.344    872.916 0 # matmult_blk 512
    21.094   1551.771 0 # matmult_blk 512
    30.375   1584.568 0 # matmult_blk 512
    58.594   1629.724 0 # matmult_blk 512
   131.836   1481.962 0 # matmult_blk 512
   234.375   1526.727 0 # matmult_blk 512
   527.344   1583.492 0 # matmult_blk 512
   937.500   1614.144 0 # matmult_blk 512
  1464.844   1629.158 0 # matmult_blk 512
  1837.500   1636.147 0 # matmult_blk 512
  3750.000   1653.780 0 # matmult_blk 512
  8437.500   1632.754 0 # matmult_blk 512
 23437.500   1624.458 0 # matmult_blk 512
 52734.375   1623.868 0 # matmult_blk 512
 93750.000   1628.766 248 # matmult_blk 512
146484.375   1630.937 968 # matmult_blk 512
170859.375   1636.536 1560 # matmult_blk 512
210937.500   1639.250 2752 # matmult_blk 512
287109.375   1639.012 8384 # matmult_blk 512
375000.000   1641.963 16000 # matmult_blk 512

------------------------------------------------------------
Sender: LSF System <lsfadmin@hpc.dtu.dk>
Subject: Job 19865846: <NONAME> in cluster <dcc> Done

Job <NONAME> was submitted from host <n-62-30-5> by user <s233091> in cluster <dcc> at Sat Jan  6 11:20:57 2024
Job was executed on host(s) <n-62-31-3>, in queue <hpc>, as user <s233091> in cluster <dcc> at Sat Jan  6 11:21:00 2024
</zhome/c7/f/203083> was used as the home directory.
</zhome/c7/f/203083/02614/HPC_assignment_1/src> was used as the working directory.
Started at Sat Jan  6 11:21:00 2024
Terminated at Sat Jan  6 11:26:00 2024
Results reported at Sat Jan  6 11:26:00 2024

Your job looked like:

------------------------------------------------------------
# LSBATCH: User input
./mm_batch_blk.sub 512
------------------------------------------------------------

Successfully completed.

Resource usage summary:

    CPU time :                                   298.48 sec.
    Max Memory :                                 506 MB
    Average Memory :                             380.50 MB
    Total Requested Memory :                     1024.00 MB
    Delta Memory :                               518.00 MB
    Max Swap :                                   -
    Max Processes :                              4
    Max Threads :                                5
    Run time :                                   401 sec.
    Turnaround time :                            303 sec.

The output (if any) is above this job summary.

