Loaded module: gcc/10.3.0-binutils-2.36.1
Loaded module: gprofng/2.41.50
     2.344    874.318 0 # matmult_blk 128
    21.094   1550.038 0 # matmult_blk 128
    30.375   1583.390 0 # matmult_blk 128
    58.594   1629.233 0 # matmult_blk 128
   131.836   1483.430 0 # matmult_blk 128
   234.375   1525.098 0 # matmult_blk 128
   527.344   1569.294 0 # matmult_blk 128
   937.500   1601.233 0 # matmult_blk 128
  1464.844   1552.132 0 # matmult_blk 128
  1837.500   1553.722 0 # matmult_blk 128
  3750.000   1542.256 0 # matmult_blk 128
  8437.500   1534.837 0 # matmult_blk 128
 23437.500   1539.221 0 # matmult_blk 128
 52734.375   1553.171 0 # matmult_blk 128
 93750.000   1549.588 248 # matmult_blk 128
146484.375   1554.292 968 # matmult_blk 128
170859.375   1554.914 1560 # matmult_blk 128
210937.500   1563.695 2752 # matmult_blk 128
287109.375   1557.936 8384 # matmult_blk 128
375000.000   1561.583 16000 # matmult_blk 128

------------------------------------------------------------
Sender: LSF System <lsfadmin@hpc.dtu.dk>
Subject: Job 19865844: <NONAME> in cluster <dcc> Done

Job <NONAME> was submitted from host <n-62-30-5> by user <s233091> in cluster <dcc> at Sat Jan  6 11:20:56 2024
Job was executed on host(s) <n-62-31-3>, in queue <hpc>, as user <s233091> in cluster <dcc> at Sat Jan  6 11:20:57 2024
</zhome/c7/f/203083> was used as the home directory.
</zhome/c7/f/203083/02614/HPC_assignment_1/src> was used as the working directory.
Started at Sat Jan  6 11:20:57 2024
Terminated at Sat Jan  6 11:26:12 2024
Results reported at Sat Jan  6 11:26:12 2024

Your job looked like:

------------------------------------------------------------
# LSBATCH: User input
./mm_batch_blk.sub 128
------------------------------------------------------------

Successfully completed.

Resource usage summary:

    CPU time :                                   309.72 sec.
    Max Memory :                                 506 MB
    Average Memory :                             350.00 MB
    Total Requested Memory :                     1024.00 MB
    Delta Memory :                               518.00 MB
    Max Swap :                                   -
    Max Processes :                              4
    Max Threads :                                5
    Run time :                                   412 sec.
    Turnaround time :                            316 sec.

The output (if any) is above this job summary.

