Loaded module: gcc/10.3.0-binutils-2.36.1
Loaded module: gprofng/2.41.50
     2.344    879.566 0 # matmult_blk 4096
    21.094   1554.870 0 # matmult_blk 4096
    30.375   1592.312 0 # matmult_blk 4096
    58.594   1639.104 0 # matmult_blk 4096
   131.836   1485.113 0 # matmult_blk 4096
   234.375   1534.514 0 # matmult_blk 4096
   527.344   1592.138 0 # matmult_blk 4096
   937.500   1624.356 0 # matmult_blk 4096
  1464.844   1635.694 0 # matmult_blk 4096
  1837.500   1641.789 0 # matmult_blk 4096
  3750.000   1659.637 0 # matmult_blk 4096
  8437.500   1679.060 0 # matmult_blk 4096
 23437.500   1513.011 0 # matmult_blk 4096
 52734.375   1474.107 0 # matmult_blk 4096
 93750.000   1463.299 248 # matmult_blk 4096
146484.375   1483.399 968 # matmult_blk 4096
170859.375   1468.010 1560 # matmult_blk 4096
210937.500   1511.191 2752 # matmult_blk 4096
287109.375   1505.218 8384 # matmult_blk 4096
375000.000   1500.708 16000 # matmult_blk 4096

------------------------------------------------------------
Sender: LSF System <lsfadmin@hpc.dtu.dk>
Subject: Job 19865849: <NONAME> in cluster <dcc> Done

Job <NONAME> was submitted from host <n-62-30-5> by user <s233091> in cluster <dcc> at Sat Jan  6 11:20:58 2024
Job was executed on host(s) <n-62-31-3>, in queue <hpc>, as user <s233091> in cluster <dcc> at Sat Jan  6 11:21:00 2024
</zhome/c7/f/203083> was used as the home directory.
</zhome/c7/f/203083/02614/HPC_assignment_1/src> was used as the working directory.
Started at Sat Jan  6 11:21:00 2024
Terminated at Sat Jan  6 11:26:22 2024
Results reported at Sat Jan  6 11:26:22 2024

Your job looked like:

------------------------------------------------------------
# LSBATCH: User input
./mm_batch_blk.sub 4096
------------------------------------------------------------

Successfully completed.

Resource usage summary:

    CPU time :                                   319.74 sec.
    Max Memory :                                 506 MB
    Average Memory :                             351.50 MB
    Total Requested Memory :                     1024.00 MB
    Delta Memory :                               518.00 MB
    Max Swap :                                   -
    Max Processes :                              4
    Max Threads :                                5
    Run time :                                   422 sec.
    Turnaround time :                            324 sec.

The output (if any) is above this job summary.

