Loaded module: gcc/10.3.0-binutils-2.36.1
Loaded module: gprofng/2.41.50
     2.344    877.190 0 # matmult_blk 2048
    21.094   1554.282 0 # matmult_blk 2048
    30.375   1592.112 0 # matmult_blk 2048
    58.594   1635.945 0 # matmult_blk 2048
   131.836   1484.393 0 # matmult_blk 2048
   234.375   1534.124 0 # matmult_blk 2048
   527.344   1592.916 0 # matmult_blk 2048
   937.500   1624.194 0 # matmult_blk 2048
  1464.844   1635.851 0 # matmult_blk 2048
  1837.500   1640.334 0 # matmult_blk 2048
  3750.000   1658.155 0 # matmult_blk 2048
  8437.500   1679.463 0 # matmult_blk 2048
 23437.500   1511.362 0 # matmult_blk 2048
 52734.375   1474.453 0 # matmult_blk 2048
 93750.000   1462.841 248 # matmult_blk 2048
146484.375   1394.478 968 # matmult_blk 2048
170859.375   1391.001 1560 # matmult_blk 2048
210937.500   1425.124 2752 # matmult_blk 2048
287109.375   1398.657 8384 # matmult_blk 2048
375000.000   1476.689 16000 # matmult_blk 2048

------------------------------------------------------------
Sender: LSF System <lsfadmin@hpc.dtu.dk>
Subject: Job 19865848: <NONAME> in cluster <dcc> Done

Job <NONAME> was submitted from host <n-62-30-5> by user <s233091> in cluster <dcc> at Sat Jan  6 11:20:57 2024
Job was executed on host(s) <n-62-31-3>, in queue <hpc>, as user <s233091> in cluster <dcc> at Sat Jan  6 11:21:00 2024
</zhome/c7/f/203083> was used as the home directory.
</zhome/c7/f/203083/02614/HPC_assignment_1/src> was used as the working directory.
Started at Sat Jan  6 11:21:00 2024
Terminated at Sat Jan  6 11:26:32 2024
Results reported at Sat Jan  6 11:26:32 2024

Your job looked like:

------------------------------------------------------------
# LSBATCH: User input
./mm_batch_blk.sub 2048
------------------------------------------------------------

Successfully completed.

Resource usage summary:

    CPU time :                                   330.49 sec.
    Max Memory :                                 506 MB
    Average Memory :                             351.50 MB
    Total Requested Memory :                     1024.00 MB
    Delta Memory :                               518.00 MB
    Max Swap :                                   -
    Max Processes :                              4
    Max Threads :                                5
    Run time :                                   433 sec.
    Turnaround time :                            335 sec.

The output (if any) is above this job summary.

