Loaded module: gcc/10.3.0-binutils-2.36.1
Loaded module: gprofng/2.41.50
     2.344    669.446 0 # matmult_mnk
    21.094    697.792 0 # matmult_mnk
    30.375    678.861 0 # matmult_mnk
    58.594    630.130 0 # matmult_mnk
   131.836    604.799 0 # matmult_mnk
   234.375    587.263 0 # matmult_mnk
   527.344    572.368 0 # matmult_mnk
   937.500    557.305 0 # matmult_mnk
  1464.844    555.214 0 # matmult_mnk
  1837.500    554.359 0 # matmult_mnk
  3750.000    476.734 0 # matmult_mnk
  8437.500    422.415 0 # matmult_mnk
 23437.500    383.636 0 # matmult_mnk
 52734.375    332.150 0 # matmult_mnk
 93750.000    380.041 248 # matmult_mnk
146484.375    331.688 968 # matmult_mnk
170859.375    331.727 1560 # matmult_mnk
210937.500    393.973 2752 # matmult_mnk
287109.375    330.163 8384 # matmult_mnk
375000.000    376.600 16000 # matmult_mnk

------------------------------------------------------------
Sender: LSF System <lsfadmin@hpc.dtu.dk>
Subject: Job 19865324: <NONAME> in cluster <dcc> Done

Job <NONAME> was submitted from host <n-62-30-1> by user <s233091> in cluster <dcc> at Fri Jan  5 19:22:30 2024
Job was executed on host(s) <n-62-21-98>, in queue <hpc>, as user <s233091> in cluster <dcc> at Fri Jan  5 19:22:30 2024
</zhome/c7/f/203083> was used as the home directory.
</zhome/c7/f/203083/02614/HPC_assignment_1/src> was used as the working directory.
Started at Fri Jan  5 19:22:30 2024
Terminated at Fri Jan  5 19:40:47 2024
Results reported at Fri Jan  5 19:40:47 2024

Your job looked like:

------------------------------------------------------------
# LSBATCH: User input
./mm_batch_mnk.sub
------------------------------------------------------------

Successfully completed.

Resource usage summary:

    CPU time :                                   1094.02 sec.
    Max Memory :                                 506 MB
    Average Memory :                             353.10 MB
    Total Requested Memory :                     1024.00 MB
    Delta Memory :                               518.00 MB
    Max Swap :                                   -
    Max Processes :                              4
    Max Threads :                                5
    Run time :                                   1197 sec.
    Turnaround time :                            1097 sec.

The output (if any) is above this job summary.

