Loaded module: gcc/10.3.0-binutils-2.36.1
Loaded module: gprofng/2.41.50
     2.344    668.685 0 # matmult_nmk
    21.094    694.142 0 # matmult_nmk
    30.375    696.729 0 # matmult_nmk
    58.594    628.421 0 # matmult_nmk
   131.836    599.428 0 # matmult_nmk
   234.375    585.467 0 # matmult_nmk
   527.344    565.217 0 # matmult_nmk
   937.500    553.003 0 # matmult_nmk
  1464.844    550.563 0 # matmult_nmk
  1837.500    550.036 0 # matmult_nmk
  3750.000    540.521 0 # matmult_nmk
  8437.500    516.995 0 # matmult_nmk
 23437.500    521.407 0 # matmult_nmk
 52734.375    525.208 0 # matmult_nmk
 93750.000    343.332 248 # matmult_nmk
146484.375    470.871 968 # matmult_nmk
170859.375    441.153 1560 # matmult_nmk
210937.500    412.814 2752 # matmult_nmk
287109.375    326.666 8384 # matmult_nmk
375000.000    313.112 16000 # matmult_nmk

------------------------------------------------------------
Sender: LSF System <lsfadmin@hpc.dtu.dk>
Subject: Job 19865325: <NONAME> in cluster <dcc> Done

Job <NONAME> was submitted from host <n-62-30-1> by user <s233091> in cluster <dcc> at Fri Jan  5 19:22:30 2024
Job was executed on host(s) <n-62-21-98>, in queue <hpc>, as user <s233091> in cluster <dcc> at Fri Jan  5 19:22:32 2024
</zhome/c7/f/203083> was used as the home directory.
</zhome/c7/f/203083/02614/HPC_assignment_1/src> was used as the working directory.
Started at Fri Jan  5 19:22:32 2024
Terminated at Fri Jan  5 19:40:51 2024
Results reported at Fri Jan  5 19:40:51 2024

Your job looked like:

------------------------------------------------------------
# LSBATCH: User input
./mm_batch_nmk.sub
------------------------------------------------------------

Successfully completed.

Resource usage summary:

    CPU time :                                   1097.85 sec.
    Max Memory :                                 506 MB
    Average Memory :                             365.00 MB
    Total Requested Memory :                     1024.00 MB
    Delta Memory :                               518.00 MB
    Max Swap :                                   -
    Max Processes :                              4
    Max Threads :                                5
    Run time :                                   1201 sec.
    Turnaround time :                            1101 sec.

The output (if any) is above this job summary.

