Loaded module: gcc/10.3.0-binutils-2.36.1
Loaded module: gprofng/2.41.50
     2.344    866.833 0 # matmult_knm
    21.094   1365.646 0 # matmult_knm
    30.375   1338.775 0 # matmult_knm
    58.594   1310.069 0 # matmult_knm
   131.836   1320.823 0 # matmult_knm
   234.375   1327.242 0 # matmult_knm
   527.344   1092.679 0 # matmult_knm
   937.500    934.747 0 # matmult_knm
  1464.844    772.097 0 # matmult_knm
  1837.500    635.346 0 # matmult_knm
  3750.000    527.276 0 # matmult_knm
  8437.500    425.652 0 # matmult_knm
 23437.500    396.506 0 # matmult_knm
 52734.375    340.968 0 # matmult_knm
 93750.000    300.073 248 # matmult_knm
146484.375    262.718 968 # matmult_knm
170859.375    261.106 1560 # matmult_knm
210937.500    275.581 2752 # matmult_knm
287109.375    253.081 8384 # matmult_knm
375000.000    273.871 16000 # matmult_knm

------------------------------------------------------------
Sender: LSF System <lsfadmin@hpc.dtu.dk>
Subject: Job 19865322: <NONAME> in cluster <dcc> Done

Job <NONAME> was submitted from host <n-62-30-1> by user <s233091> in cluster <dcc> at Fri Jan  5 19:22:29 2024
Job was executed on host(s) <n-62-21-98>, in queue <hpc>, as user <s233091> in cluster <dcc> at Fri Jan  5 19:22:30 2024
</zhome/c7/f/203083> was used as the home directory.
</zhome/c7/f/203083/02614/HPC_assignment_1/src> was used as the working directory.
Started at Fri Jan  5 19:22:30 2024
Terminated at Fri Jan  5 19:46:20 2024
Results reported at Fri Jan  5 19:46:20 2024

Your job looked like:

------------------------------------------------------------
# LSBATCH: User input
./mm_batch_knm.sub
------------------------------------------------------------

Successfully completed.

Resource usage summary:

    CPU time :                                   1426.86 sec.
    Max Memory :                                 506 MB
    Average Memory :                             356.58 MB
    Total Requested Memory :                     1024.00 MB
    Delta Memory :                               518.00 MB
    Max Swap :                                   -
    Max Processes :                              4
    Max Threads :                                5
    Run time :                                   1530 sec.
    Turnaround time :                            1431 sec.

The output (if any) is above this job summary.

