Loaded module: gcc/10.3.0-binutils-2.36.1
Loaded module: gprofng/2.41.50
     2.344   1296.678 0 # matmult_mkn
    21.094   3761.235 0 # matmult_mkn
    30.375   4002.159 0 # matmult_mkn
    58.594   4340.525 0 # matmult_mkn
   131.836   4583.138 0 # matmult_mkn
   234.375   4742.360 0 # matmult_mkn
   527.344   4346.383 0 # matmult_mkn
   937.500   4545.868 0 # matmult_mkn
  1464.844   4639.887 0 # matmult_mkn
  1837.500   4675.667 0 # matmult_mkn
  3750.000   4261.204 0 # matmult_mkn
  8437.500   3983.534 0 # matmult_mkn
 23437.500   3258.983 0 # matmult_mkn
 52734.375   2506.602 0 # matmult_mkn
 93750.000   2399.393 248 # matmult_mkn
146484.375   2338.897 968 # matmult_mkn
170859.375   2332.744 1560 # matmult_mkn
210937.500   2317.533 2752 # matmult_mkn
287109.375   2322.940 8384 # matmult_mkn
375000.000   2322.079 16000 # matmult_mkn

------------------------------------------------------------
Sender: LSF System <lsfadmin@hpc.dtu.dk>
Subject: Job 19865668: <NONAME> in cluster <dcc> Done

Job <NONAME> was submitted from host <hpclogin1> by user <s233091> in cluster <dcc> at Sat Jan  6 10:26:21 2024
Job was executed on host(s) <n-62-31-4>, in queue <hpc>, as user <s233091> in cluster <dcc> at Sat Jan  6 10:26:22 2024
</zhome/c7/f/203083> was used as the home directory.
</zhome/c7/f/203083/02614/HPC_assignment_1/src> was used as the working directory.
Started at Sat Jan  6 10:26:22 2024
Terminated at Sat Jan  6 10:30:18 2024
Results reported at Sat Jan  6 10:30:18 2024

Your job looked like:

------------------------------------------------------------
# LSBATCH: User input
./mm_batch_mkn.sub
------------------------------------------------------------

Successfully completed.

Resource usage summary:

    CPU time :                                   234.52 sec.
    Max Memory :                                 506 MB
    Average Memory :                             351.50 MB
    Total Requested Memory :                     1024.00 MB
    Delta Memory :                               518.00 MB
    Max Swap :                                   -
    Max Processes :                              4
    Max Threads :                                5
    Run time :                                   235 sec.
    Turnaround time :                            237 sec.

The output (if any) is above this job summary.

