Loaded module: gcc/10.3.0-binutils-2.36.1
Loaded module: gprofng/2.41.50
     2.344   1044.523 0 # matmult_knm
    21.094   1482.284 0 # matmult_knm
    30.375   1666.769 0 # matmult_knm
    58.594   1901.302 0 # matmult_knm
   131.836   1742.279 0 # matmult_knm
   234.375   1709.850 0 # matmult_knm
   527.344   1396.548 0 # matmult_knm
   937.500   1250.231 0 # matmult_knm
  1464.844   1074.600 0 # matmult_knm
  1837.500    988.204 0 # matmult_knm
  3750.000    842.662 0 # matmult_knm
  8437.500    657.510 0 # matmult_knm
 23437.500    584.002 0 # matmult_knm
 52734.375    514.584 0 # matmult_knm
 93750.000    555.107 248 # matmult_knm
146484.375    513.514 968 # matmult_knm
170859.375    505.752 1560 # matmult_knm
210937.500    613.832 2752 # matmult_knm
287109.375    518.873 8384 # matmult_knm
375000.000    314.363 16000 # matmult_knm

------------------------------------------------------------
Sender: LSF System <lsfadmin@hpc.dtu.dk>
Subject: Job 19865646: <NONAME> in cluster <dcc> Done

Job <NONAME> was submitted from host <hpclogin1> by user <s233091> in cluster <dcc> at Sat Jan  6 10:08:13 2024
Job was executed on host(s) <n-62-31-5>, in queue <hpc>, as user <s233091> in cluster <dcc> at Sat Jan  6 10:08:15 2024
</zhome/c7/f/203083> was used as the home directory.
</zhome/c7/f/203083/02614/HPC_assignment_1/src> was used as the working directory.
Started at Sat Jan  6 10:08:15 2024
Terminated at Sat Jan  6 10:23:35 2024
Results reported at Sat Jan  6 10:23:35 2024

Your job looked like:

------------------------------------------------------------
# LSBATCH: User input
./mm_batch_knm.sub
------------------------------------------------------------

Successfully completed.

Resource usage summary:

    CPU time :                                   919.62 sec.
    Max Memory :                                 506 MB
    Average Memory :                             403.78 MB
    Total Requested Memory :                     1024.00 MB
    Delta Memory :                               518.00 MB
    Max Swap :                                   -
    Max Processes :                              4
    Max Threads :                                5
    Run time :                                   952 sec.
    Turnaround time :                            922 sec.

The output (if any) is above this job summary.

