Loaded module: gcc/10.3.0-binutils-2.36.1
Loaded module: gprofng/2.41.50
     2.344    863.527 0 # matmult_kmn
    21.094   1417.042 0 # matmult_kmn
    30.375   1323.063 0 # matmult_kmn
    58.594   1310.154 0 # matmult_kmn
   131.836   1362.701 0 # matmult_kmn
   234.375   1399.105 0 # matmult_kmn
   527.344   1380.407 0 # matmult_kmn
   937.500   1382.515 0 # matmult_kmn
  1464.844   1391.317 0 # matmult_kmn
  1837.500   1402.650 0 # matmult_kmn
  3750.000   1417.164 0 # matmult_kmn
  8437.500   1386.738 0 # matmult_kmn
 23437.500   1148.350 0 # matmult_kmn
 52734.375   1187.721 0 # matmult_kmn
 93750.000   1202.085 248 # matmult_kmn
146484.375   1203.700 968 # matmult_kmn
170859.375   1209.551 1560 # matmult_kmn
210937.500   1208.612 2752 # matmult_kmn
287109.375   1216.732 8384 # matmult_kmn
375000.000   1221.395 16000 # matmult_kmn

------------------------------------------------------------
Sender: LSF System <lsfadmin@hpc.dtu.dk>
Subject: Job 19865321: <NONAME> in cluster <dcc> Done

Job <NONAME> was submitted from host <n-62-30-1> by user <s233091> in cluster <dcc> at Fri Jan  5 19:22:29 2024
Job was executed on host(s) <n-62-21-98>, in queue <hpc>, as user <s233091> in cluster <dcc> at Fri Jan  5 19:22:30 2024
</zhome/c7/f/203083> was used as the home directory.
</zhome/c7/f/203083/02614/HPC_assignment_1/src> was used as the working directory.
Started at Fri Jan  5 19:22:30 2024
Terminated at Fri Jan  5 19:28:51 2024
Results reported at Fri Jan  5 19:28:51 2024

Your job looked like:

------------------------------------------------------------
# LSBATCH: User input
./mm_batch_kmn.sub
------------------------------------------------------------

Successfully completed.

Resource usage summary:

    CPU time :                                   376.73 sec.
    Max Memory :                                 506 MB
    Average Memory :                             325.20 MB
    Total Requested Memory :                     1024.00 MB
    Delta Memory :                               518.00 MB
    Max Swap :                                   -
    Max Processes :                              4
    Max Threads :                                5
    Run time :                                   479 sec.
    Turnaround time :                            382 sec.

The output (if any) is above this job summary.

