Loaded module: gcc/10.3.0-binutils-2.36.1
Loaded module: gprofng/2.41.50
     2.344   1178.803 0 # matmult_mnk
    21.094   1565.595 0 # matmult_mnk
    30.375   1782.110 0 # matmult_mnk
    58.594   1557.488 0 # matmult_mnk
   131.836   1504.890 0 # matmult_mnk
   234.375   1435.993 0 # matmult_mnk
   527.344   1366.664 0 # matmult_mnk
   937.500   1331.396 0 # matmult_mnk
  1464.844   1328.342 0 # matmult_mnk
  1837.500   1316.142 0 # matmult_mnk
  3750.000   1184.805 0 # matmult_mnk
  8437.500    913.030 0 # matmult_mnk
 23437.500    702.979 0 # matmult_mnk
 52734.375    696.333 0 # matmult_mnk
 93750.000    702.610 248 # matmult_mnk
146484.375    670.501 968 # matmult_mnk
170859.375    679.356 1560 # matmult_mnk
210937.500    710.770 2752 # matmult_mnk
287109.375    689.592 8384 # matmult_mnk
375000.000    553.409 16000 # matmult_mnk

------------------------------------------------------------
Sender: LSF System <lsfadmin@hpc.dtu.dk>
Subject: Job 19865648: <NONAME> in cluster <dcc> Done

Job <NONAME> was submitted from host <hpclogin1> by user <s233091> in cluster <dcc> at Sat Jan  6 10:08:14 2024
Job was executed on host(s) <n-62-31-5>, in queue <hpc>, as user <s233091> in cluster <dcc> at Sat Jan  6 10:08:15 2024
</zhome/c7/f/203083> was used as the home directory.
</zhome/c7/f/203083/02614/HPC_assignment_1/src> was used as the working directory.
Started at Sat Jan  6 10:08:15 2024
Terminated at Sat Jan  6 10:19:04 2024
Results reported at Sat Jan  6 10:19:04 2024

Your job looked like:

------------------------------------------------------------
# LSBATCH: User input
./mm_batch_mnk.sub
------------------------------------------------------------

Successfully completed.

Resource usage summary:

    CPU time :                                   649.16 sec.
    Max Memory :                                 506 MB
    Average Memory :                             379.29 MB
    Total Requested Memory :                     1024.00 MB
    Delta Memory :                               518.00 MB
    Max Swap :                                   -
    Max Processes :                              4
    Max Threads :                                5
    Run time :                                   682 sec.
    Turnaround time :                            650 sec.

The output (if any) is above this job summary.

