Loaded module: gcc/10.3.0-binutils-2.36.1
Loaded module: gprofng/2.41.50
     2.344   1287.676 0 # matmult_mkn
    21.094   3743.180 0 # matmult_mkn
    30.375   3976.275 0 # matmult_mkn
    58.594   4304.775 0 # matmult_mkn
   131.836   4552.498 0 # matmult_mkn
   234.375   4716.162 0 # matmult_mkn
   527.344   4346.241 0 # matmult_mkn
   937.500   4536.500 0 # matmult_mkn
  1464.844   4599.760 0 # matmult_mkn
  1837.500   4629.772 0 # matmult_mkn
  3750.000   4556.101 0 # matmult_mkn
  8437.500   4483.368 0 # matmult_mkn
 23437.500   2931.937 0 # matmult_mkn
 52734.375   2357.402 0 # matmult_mkn
 93750.000   2310.943 248 # matmult_mkn
146484.375   2337.976 968 # matmult_mkn
170859.375   2304.082 1560 # matmult_mkn
210937.500   2175.499 2752 # matmult_mkn
287109.375   2623.534 8384 # matmult_mkn
375000.000   2542.561 16000 # matmult_mkn

------------------------------------------------------------
Sender: LSF System <lsfadmin@hpc.dtu.dk>
Subject: Job 19865820: <NONAME> in cluster <dcc> Done

Job <NONAME> was submitted from host <n-62-30-5> by user <s233091> in cluster <dcc> at Sat Jan  6 11:04:33 2024
Job was executed on host(s) <n-62-31-3>, in queue <hpc>, as user <s233091> in cluster <dcc> at Sat Jan  6 11:04:35 2024
</zhome/c7/f/203083> was used as the home directory.
</zhome/c7/f/203083/02614/HPC_assignment_1/src> was used as the working directory.
Started at Sat Jan  6 11:04:35 2024
Terminated at Sat Jan  6 11:08:25 2024
Results reported at Sat Jan  6 11:08:25 2024

Your job looked like:

------------------------------------------------------------
# LSBATCH: User input
./mm_batch_mkn.sub
------------------------------------------------------------

Successfully completed.

Resource usage summary:

    CPU time :                                   228.36 sec.
    Max Memory :                                 506 MB
    Average Memory :                             351.50 MB
    Total Requested Memory :                     1024.00 MB
    Delta Memory :                               518.00 MB
    Max Swap :                                   -
    Max Processes :                              4
    Max Threads :                                5
    Run time :                                   231 sec.
    Turnaround time :                            232 sec.

The output (if any) is above this job summary.

