Loaded module: gcc/10.3.0-binutils-2.36.1
Loaded module: gprofng/2.41.50
     2.344   1352.970 0 # matmult_kmn
    21.094   4146.278 0 # matmult_kmn
    30.375   4481.178 0 # matmult_kmn
    58.594   4903.185 0 # matmult_kmn
   131.836   4524.046 0 # matmult_kmn
   234.375   5096.449 0 # matmult_kmn
   527.344   4762.355 0 # matmult_kmn
   937.500   4959.278 0 # matmult_kmn
  1464.844   4951.480 0 # matmult_kmn
  1837.500   5016.853 0 # matmult_kmn
  3750.000   3936.723 0 # matmult_kmn
  8437.500   3513.257 0 # matmult_kmn
 23437.500   2301.012 0 # matmult_kmn
 52734.375   2294.765 0 # matmult_kmn
 93750.000   2276.288 248 # matmult_kmn
146484.375   2224.933 968 # matmult_kmn
170859.375   2253.379 1560 # matmult_kmn
210937.500   2267.822 2752 # matmult_kmn
287109.375   2272.174 8384 # matmult_kmn
375000.000   2267.753 16000 # matmult_kmn

------------------------------------------------------------
Sender: LSF System <lsfadmin@hpc.dtu.dk>
Subject: Job 19865645: <NONAME> in cluster <dcc> Done

Job <NONAME> was submitted from host <hpclogin1> by user <s233091> in cluster <dcc> at Sat Jan  6 10:08:13 2024
Job was executed on host(s) <n-62-31-5>, in queue <hpc>, as user <s233091> in cluster <dcc> at Sat Jan  6 10:08:13 2024
</zhome/c7/f/203083> was used as the home directory.
</zhome/c7/f/203083/02614/HPC_assignment_1/src> was used as the working directory.
Started at Sat Jan  6 10:08:13 2024
Terminated at Sat Jan  6 10:12:15 2024
Results reported at Sat Jan  6 10:12:15 2024

Your job looked like:

------------------------------------------------------------
# LSBATCH: User input
./mm_batch_kmn.sub
------------------------------------------------------------

Successfully completed.

Resource usage summary:

    CPU time :                                   240.16 sec.
    Max Memory :                                 506 MB
    Average Memory :                             328.00 MB
    Total Requested Memory :                     1024.00 MB
    Delta Memory :                               518.00 MB
    Max Swap :                                   -
    Max Processes :                              4
    Max Threads :                                5
    Run time :                                   273 sec.
    Turnaround time :                            242 sec.

The output (if any) is above this job summary.

