Loaded module: gcc/10.3.0-binutils-2.36.1
Loaded module: gprofng/2.41.50
     2.344    876.391 0 # matmult_mkn
    21.094   1371.658 0 # matmult_mkn
    30.375   1427.237 0 # matmult_mkn
    58.594   1342.249 0 # matmult_mkn
   131.836   1378.353 0 # matmult_mkn
   234.375   1417.022 0 # matmult_mkn
   527.344   1421.207 0 # matmult_mkn
   937.500   1437.090 0 # matmult_mkn
  1464.844   1447.939 0 # matmult_mkn
  1837.500   1449.405 0 # matmult_mkn
  3750.000   1456.169 0 # matmult_mkn
  8437.500   1384.291 0 # matmult_mkn
 23437.500   1226.266 0 # matmult_mkn
 52734.375   1239.745 0 # matmult_mkn
 93750.000   1250.340 248 # matmult_mkn
146484.375   1241.365 968 # matmult_mkn
170859.375   1239.561 1560 # matmult_mkn
210937.500   1242.340 2752 # matmult_mkn
287109.375   1246.083 8384 # matmult_mkn
375000.000   1250.091 16000 # matmult_mkn

------------------------------------------------------------
Sender: LSF System <lsfadmin@hpc.dtu.dk>
Subject: Job 19865323: <NONAME> in cluster <dcc> Done

Job <NONAME> was submitted from host <n-62-30-1> by user <s233091> in cluster <dcc> at Fri Jan  5 19:22:29 2024
Job was executed on host(s) <n-62-21-98>, in queue <hpc>, as user <s233091> in cluster <dcc> at Fri Jan  5 19:22:30 2024
</zhome/c7/f/203083> was used as the home directory.
</zhome/c7/f/203083/02614/HPC_assignment_1/src> was used as the working directory.
Started at Fri Jan  5 19:22:30 2024
Terminated at Fri Jan  5 19:28:43 2024
Results reported at Fri Jan  5 19:28:43 2024

Your job looked like:

------------------------------------------------------------
# LSBATCH: User input
./mm_batch_mkn.sub
------------------------------------------------------------

Successfully completed.

Resource usage summary:

    CPU time :                                   369.05 sec.
    Max Memory :                                 506 MB
    Average Memory :                             339.00 MB
    Total Requested Memory :                     1024.00 MB
    Delta Memory :                               518.00 MB
    Max Swap :                                   -
    Max Processes :                              4
    Max Threads :                                5
    Run time :                                   472 sec.
    Turnaround time :                            374 sec.

The output (if any) is above this job summary.

